                  :-) GROMACS - gmx mdrun, 2021.2-MODIFIED (-:

                            GROMACS is written by:
     Andrey Alekseenko              Emile Apol              Rossen Apostolov     
         Paul Bauer           Herman J.C. Berendsen           Par Bjelkmar       
       Christian Blau           Viacheslav Bolnykh             Kevin Boyd        
     Aldert van Buuren           Rudi van Drunen             Anton Feenstra      
    Gilles Gouaillardet             Alan Gray               Gerrit Groenhof      
       Anca Hamuraru            Vincent Hindriksen          M. Eric Irrgang      
      Aleksei Iupinov           Christoph Junghans             Joe Jordan        
    Dimitrios Karkoulis            Peter Kasson                Jiri Kraus        
      Carsten Kutzner              Per Larsson              Justin A. Lemkul     
       Viveca Lindahl            Magnus Lundborg             Erik Marklund       
        Pascal Merz             Pieter Meulenhoff            Teemu Murtola       
        Szilard Pall               Sander Pronk              Roland Schulz       
       Michael Shirts            Alexey Shvetsov             Alfons Sijbers      
       Peter Tieleman              Jon Vincent              Teemu Virolainen     
     Christian Wennberg            Maarten Wolf              Artem Zhmurov       
                           and the project leaders:
        Mark Abraham, Berk Hess, Erik Lindahl, and David van der Spoel

Copyright (c) 1991-2000, University of Groningen, The Netherlands.
Copyright (c) 2001-2019, The GROMACS development team at
Uppsala University, Stockholm University and
the Royal Institute of Technology, Sweden.
check out http://www.gromacs.org for more information.

GROMACS is free software; you can redistribute it and/or modify it
under the terms of the GNU Lesser General Public License
as published by the Free Software Foundation; either version 2.1
of the License, or (at your option) any later version.

GROMACS:      gmx mdrun, version 2021.2-MODIFIED
Executable:   G:\kml\Gromacs_2021_2\bin\gmx.exe
Data prefix:  G:\kml\Gromacs_2021_2
Working dir:  G:\kml\Gromacs_2021_2
Process ID:   37028
Command line:
  gmx mdrun -v -deffnm em

GROMACS version:    2021.2-MODIFIED
This program has been built from source code that has been altered and does not match the code released as part of the official GROMACS version 2021.2-MODIFIED. If you did not intend to use an altered GROMACS version, make sure to download an intact source distribution and compile that before proceeding.
If you have modified the source code, you are strongly encouraged to set your custom version suffix (using -DGMX_VERSION_STRING_OF_FORK) which will can help later with scientific reproducibility but also when reporting bugs.
Release checksum: d91a739522d82c53dc47c2276b9ac5fae3b2119283e84e3a1c7bed8ce741fda2
Computed checksum: 2bf0e4750af5f7780ee6da21f82055d0b6e0d6afa9303a12f712e4c49802ec41
Precision:          mixed
Memory model:       64 bit
MPI library:        thread_mpi
OpenMP support:     enabled (GMX_OPENMP_MAX_THREADS = 64)
GPU support:        CUDA
SIMD instructions:  AVX2_256
FFT library:        fftw3
RDTSCP usage:       enabled
TNG support:        enabled
Hwloc support:      disabled
Tracing support:    disabled
C compiler:         C:/Program Files (x86)/Microsoft Visual Studio/2019/Community/VC/Tools/MSVC/14.29.30037/bin/Hostx64/x64/cl.exe MSVC 19.29.30038.1
C compiler flags:   /arch:AVX2 /MT /O2 /Ob2 /DNDEBUG
C++ compiler:       C:/Program Files (x86)/Microsoft Visual Studio/2019/Community/VC/Tools/MSVC/14.29.30037/bin/Hostx64/x64/cl.exe MSVC 19.29.30038.1
C++ compiler flags: /arch:AVX2 /wd4800 /wd4355 /wd4996 /wd4305 /wd4244 /wd4101 /wd4267 /wd4090 /wd4068 /permissive- /analyze /analyze:stacksize 70000 /wd6001 /wd6011 /wd6053 /wd6054 /wd6385 /wd6386 /wd6387 /wd28199 /wd6239 /wd6240 /wd6294 /wd6326 /wd28020 /wd6330 /wd6993 /wd6031 /wd6244 /wd6246 -openmp /MT /O2 /Ob2 /DNDEBUG
CUDA compiler:      C:/Program Files/NVIDIA GPU Computing Toolkit/CUDA/v11.3/bin/nvcc.exe nvcc: NVIDIA (R) Cuda compiler driver;Copyright (c) 2005-2021 NVIDIA Corporation;Built on Mon_May__3_19:41:42_Pacific_Daylight_Time_2021;Cuda compilation tools, release 11.3, V11.3.109;Build cuda_11.3.r11.3/compiler.29920130_0
CUDA compiler flags:-gencode;arch=compute_35,code=sm_35;-gencode;arch=compute_37,code=sm_37;-gencode;arch=compute_50,code=sm_50;-gencode;arch=compute_52,code=sm_52;-gencode;arch=compute_60,code=sm_60;-gencode;arch=compute_61,code=sm_61;-gencode;arch=compute_70,code=sm_70;-gencode;arch=compute_75,code=sm_75;-gencode;arch=compute_80,code=sm_80;-Wno-deprecated-gpu-targets;-gencode;arch=compute_86,code=sm_86;-gencode;arch=compute_35,code=compute_35;-gencode;arch=compute_53,code=compute_53;-gencode;arch=compute_80,code=compute_80;-use_fast_math;;/arch:AVX2 /wd4800 /wd4355 /wd4996 /wd4305 /wd4244 /wd4101 /wd4267 /wd4090 /wd4068 /permissive- /analyze /analyze:stacksize 70000 /wd6001 /wd6011 /wd6053 /wd6054 /wd6385 /wd6386 /wd6387 /wd28199 /wd6239 /wd6240 /wd6294 /wd6326 /wd28020 /wd6330 /wd6993 /wd6031 /wd6244 /wd6246 -openmp /MT /O2 /Ob2 /DNDEBUG
CUDA driver:        12.20
CUDA runtime:       11.30


Running on 1 node with total 8 cores, 16 logical cores, 1 compatible GPU
Hardware detected:
  CPU info:
    Vendor: AMD
    Brand:  AMD Ryzen 7 7700X 8-Core Processor             
    Family: 25   Model: 97   Stepping: 2
    Features: aes amd apic avx avx2 avx512f avx512cd avx512bw avx512vl avx512bf16 avx512secondFMA clfsh cmov cx8 cx16 f16c fma htt lahf misalignsse mmx msr nonstop_tsc pclmuldq pdpe1gb popcnt pse rdrnd rdtscp sha sse2 sse3 sse4a sse4.1 sse4.2 ssse3 x2apic
    Number of AVX-512 FMA units: Cannot run AVX-512 detection - assuming 2
  Hardware topology: Basic
    Sockets, cores, and logical processors:
      Socket  0: [   0   1] [   2   3] [   4   5] [   6   7] [   8   9] [  10  11] [  12  13] [  14  15]
  GPU info:
    Number of GPUs detected: 1
    #0: NVIDIA NVIDIA GeForce RTX 4090, compute cap.: 8.9, ECC:  no, stat: compatible


++++ PLEASE READ AND CITE THE FOLLOWING REFERENCE ++++
M. J. Abraham, T. Murtola, R. Schulz, S. Páll, J. C. Smith, B. Hess, E.
Lindahl
GROMACS: High performance molecular simulations through multi-level
parallelism from laptops to supercomputers
SoftwareX 1 (2015) pp. 19-25
-------- -------- --- Thank You --- -------- --------


++++ PLEASE READ AND CITE THE FOLLOWING REFERENCE ++++
S. Páll, M. J. Abraham, C. Kutzner, B. Hess, E. Lindahl
Tackling Exascale Software Challenges in Molecular Dynamics Simulations with
GROMACS
In S. Markidis & E. Laure (Eds.), Solving Software Challenges for Exascale 8759 (2015) pp. 3-27
-------- -------- --- Thank You --- -------- --------


++++ PLEASE READ AND CITE THE FOLLOWING REFERENCE ++++
S. Pronk, S. Páll, R. Schulz, P. Larsson, P. Bjelkmar, R. Apostolov, M. R.
Shirts, J. C. Smith, P. M. Kasson, D. van der Spoel, B. Hess, and E. Lindahl
GROMACS 4.5: a high-throughput and highly parallel open source molecular
simulation toolkit
Bioinformatics 29 (2013) pp. 845-54
-------- -------- --- Thank You --- -------- --------


++++ PLEASE READ AND CITE THE FOLLOWING REFERENCE ++++
B. Hess and C. Kutzner and D. van der Spoel and E. Lindahl
GROMACS 4: Algorithms for highly efficient, load-balanced, and scalable
molecular simulation
J. Chem. Theory Comput. 4 (2008) pp. 435-447
-------- -------- --- Thank You --- -------- --------


++++ PLEASE READ AND CITE THE FOLLOWING REFERENCE ++++
D. van der Spoel, E. Lindahl, B. Hess, G. Groenhof, A. E. Mark and H. J. C.
Berendsen
GROMACS: Fast, Flexible and Free
J. Comp. Chem. 26 (2005) pp. 1701-1719
-------- -------- --- Thank You --- -------- --------


++++ PLEASE READ AND CITE THE FOLLOWING REFERENCE ++++
E. Lindahl and B. Hess and D. van der Spoel
GROMACS 3.0: A package for molecular simulation and trajectory analysis
J. Mol. Mod. 7 (2001) pp. 306-317
-------- -------- --- Thank You --- -------- --------


++++ PLEASE READ AND CITE THE FOLLOWING REFERENCE ++++
H. J. C. Berendsen, D. van der Spoel and R. van Drunen
GROMACS: A message-passing parallel molecular dynamics implementation
Comp. Phys. Comm. 91 (1995) pp. 43-56
-------- -------- --- Thank You --- -------- --------


++++ PLEASE CITE THE DOI FOR THIS VERSION OF GROMACS ++++
https://doi.org/10.5281/zenodo.4723562
-------- -------- --- Thank You --- -------- --------

Input Parameters:
   integrator                     = steep
   tinit                          = 0
   dt                             = 0.001
   nsteps                         = 50000
   init-step                      = 0
   simulation-part                = 1
   mts                            = false
   comm-mode                      = Linear
   nstcomm                        = 100
   bd-fric                        = 0
   ld-seed                        = 1869399871
   emtol                          = 1000
   emstep                         = 0.01
   niter                          = 20
   fcstep                         = 0
   nstcgsteep                     = 1000
   nbfgscorr                      = 10
   rtpi                           = 0.05
   nstxout                        = 0
   nstvout                        = 0
   nstfout                        = 0
   nstlog                         = 1000
   nstcalcenergy                  = 100
   nstenergy                      = 1000
   nstxout-compressed             = 0
   compressed-x-precision         = 1000
   cutoff-scheme                  = Verlet
   nstlist                        = 1
   pbc                            = xyz
   periodic-molecules             = false
   verlet-buffer-tolerance        = 0.005
   rlist                          = 1.4
   coulombtype                    = PME
   coulomb-modifier               = Potential-shift
   rcoulomb-switch                = 0
   rcoulomb                       = 1.4
   epsilon-r                      = 1
   epsilon-rf                     = inf
   vdw-type                       = Cut-off
   vdw-modifier                   = Potential-shift
   rvdw-switch                    = 0
   rvdw                           = 1.4
   DispCorr                       = No
   table-extension                = 1
   fourierspacing                 = 0.12
   fourier-nx                     = 56
   fourier-ny                     = 40
   fourier-nz                     = 100
   pme-order                      = 4
   ewald-rtol                     = 1e-05
   ewald-rtol-lj                  = 0.001
   lj-pme-comb-rule               = Geometric
   ewald-geometry                 = 0
   epsilon-surface                = 0
   tcoupl                         = No
   nsttcouple                     = -1
   nh-chain-length                = 0
   print-nose-hoover-chain-variables = false
   pcoupl                         = No
   pcoupltype                     = Isotropic
   nstpcouple                     = -1
   tau-p                          = 1
   compressibility (3x3):
      compressibility[    0]={ 0.00000e+00,  0.00000e+00,  0.00000e+00}
      compressibility[    1]={ 0.00000e+00,  0.00000e+00,  0.00000e+00}
      compressibility[    2]={ 0.00000e+00,  0.00000e+00,  0.00000e+00}
   ref-p (3x3):
      ref-p[    0]={ 0.00000e+00,  0.00000e+00,  0.00000e+00}
      ref-p[    1]={ 0.00000e+00,  0.00000e+00,  0.00000e+00}
      ref-p[    2]={ 0.00000e+00,  0.00000e+00,  0.00000e+00}
   refcoord-scaling               = No
   posres-com (3):
      posres-com[0]= 0.00000e+00
      posres-com[1]= 0.00000e+00
      posres-com[2]= 0.00000e+00
   posres-comB (3):
      posres-comB[0]= 0.00000e+00
      posres-comB[1]= 0.00000e+00
      posres-comB[2]= 0.00000e+00
   QMMM                           = false
qm-opts:
   ngQM                           = 0
   constraint-algorithm           = Lincs
   continuation                   = false
   Shake-SOR                      = false
   shake-tol                      = 0.0001
   lincs-order                    = 4
   lincs-iter                     = 1
   lincs-warnangle                = 30
   nwall                          = 0
   wall-type                      = 9-3
   wall-r-linpot                  = -1
   wall-atomtype[0]               = -1
   wall-atomtype[1]               = -1
   wall-density[0]                = 0
   wall-density[1]                = 0
   wall-ewald-zfac                = 3
   pull                           = false
   awh                            = false
   rotation                       = false
   interactiveMD                  = false
   disre                          = No
   disre-weighting                = Conservative
   disre-mixed                    = false
   dr-fc                          = 1000
   dr-tau                         = 0
   nstdisreout                    = 100
   orire-fc                       = 0
   orire-tau                      = 0
   nstorireout                    = 100
   free-energy                    = no
   cos-acceleration               = 0
   deform (3x3):
      deform[    0]={ 0.00000e+00,  0.00000e+00,  0.00000e+00}
      deform[    1]={ 0.00000e+00,  0.00000e+00,  0.00000e+00}
      deform[    2]={ 0.00000e+00,  0.00000e+00,  0.00000e+00}
   simulated-tempering            = false
   swapcoords                     = no
   userint1                       = 0
   userint2                       = 0
   userint3                       = 0
   userint4                       = 0
   userreal1                      = 0
   userreal2                      = 0
   userreal3                      = 0
   userreal4                      = 0
   applied-forces:
     electric-field:
       x:
         E0                       = 0
         omega                    = 0
         t0                       = 0
         sigma                    = 0
       y:
         E0                       = 0
         omega                    = 0
         t0                       = 0
         sigma                    = 0
       z:
         E0                       = 0
         omega                    = 0
         t0                       = 0
         sigma                    = 0
     density-guided-simulation:
       active                     = false
       group                      = protein
       similarity-measure         = inner-product
       atom-spreading-weight      = unity
       force-constant             = 1e+09
       gaussian-transform-spreading-width = 0.2
       gaussian-transform-spreading-range-in-multiples-of-width = 4
       reference-density-filename = reference.mrc
       nst                        = 1
       normalize-densities        = true
       adaptive-force-scaling     = false
       adaptive-force-scaling-time-constant = 4
       shift-vector               = 
       transformation-matrix      = 
grpopts:
   nrdf:       67593
   ref-t:           0
   tau-t:           0
annealing:          No
annealing-npoints:           0
   acc:	           0           0           0
   nfreeze:           N           N           N
   energygrp-flags[  0]: 0

1 GPU selected for this run.
Mapping of GPU IDs to the 1 GPU task in the 1 rank on this node:
  PP:0
PP tasks will do (non-perturbed) short-ranged interactions on the GPU
PP task will update and constrain coordinates on the CPU
Using 1 MPI thread
Using 16 OpenMP threads 

Pinning threads with an auto-selected logical core stride of 1
System total charge: 0.000
Will do PME sum in reciprocal space for electrostatic interactions.

++++ PLEASE READ AND CITE THE FOLLOWING REFERENCE ++++
U. Essmann, L. Perera, M. L. Berkowitz, T. Darden, H. Lee and L. G. Pedersen 
A smooth particle mesh Ewald method
J. Chem. Phys. 103 (1995) pp. 8577-8592
-------- -------- --- Thank You --- -------- --------

Using a Gaussian width (1/beta) of 0.448228 nm for Ewald
Potential shift: LJ r^-12: -1.764e-02 r^-6: -1.328e-01, Ewald -7.143e-06
Initialized non-bonded Ewald tables, spacing: 1.10e-03 size: 1270

Generated table with 1200 data points for 1-4 COUL.
Tabscale = 500 points/nm
Generated table with 1200 data points for 1-4 LJ6.
Tabscale = 500 points/nm
Generated table with 1200 data points for 1-4 LJ12.
Tabscale = 500 points/nm


Using GPU 8x8 nonbonded short-range kernels

Using a 8x8 pair-list setup:
  updated every 1 steps, buffer 0.000 nm, rlist 1.400 nm

Using full Lennard-Jones parameter combination matrix
Removing pbc first time

++++ PLEASE READ AND CITE THE FOLLOWING REFERENCE ++++
S. Miyamoto and P. A. Kollman
SETTLE: An Analytical Version of the SHAKE and RATTLE Algorithms for Rigid
Water Models
J. Comp. Chem. 13 (1992) pp. 952-962
-------- -------- --- Thank You --- -------- --------


Note that activating steepest-descent energy minimization via the integrator .mdp option and the command gmx mdrun may be available in a different form in a future version of GROMACS, e.g. gmx minimize and an .mdp option.
Initiating Steepest Descents
Started Steepest Descents on rank 0 Fri Oct 27 13:42:00 2023


Steepest Descents:
   Tolerance (Fmax)   =  1.00000e+03
   Number of steps    =        50000
           Step           Time
              0        0.00000

   Energies (kJ/mol)
        G96Bond       G96Angle    Proper Dih.  Improper Dih.          LJ-14
    7.18664e+02    1.68368e+03    7.37211e+02    3.82060e+02   -2.16482e+02
     Coulomb-14        LJ (SR)   Coulomb (SR)   Coul. recip.      Potential
    2.38950e+04    5.16335e+05   -5.31529e+05    1.50658e+04    2.70721e+04
 Pressure (bar)
    1.00849e+05

           Step           Time
              1        1.00000

   Energies (kJ/mol)
        G96Bond       G96Angle    Proper Dih.  Improper Dih.          LJ-14
    7.63413e+02    1.68180e+03    7.36852e+02    3.84749e+02   -2.13406e+02
     Coulomb-14        LJ (SR)   Coulomb (SR)   Coul. recip.      Potential
    2.38977e+04    4.26095e+05   -5.32201e+05    1.50473e+04   -6.38079e+04
 Pressure (bar)
    7.97822e+04

           Step           Time
              2        2.00000

   Energies (kJ/mol)
        G96Bond       G96Angle    Proper Dih.  Improper Dih.          LJ-14
    1.06993e+03    1.72254e+03    7.37444e+02    4.07652e+02   -2.03348e+02
     Coulomb-14        LJ (SR)   Coulomb (SR)   Coul. recip.      Potential
    2.39036e+04    3.08950e+05   -5.33811e+05    1.49901e+04   -1.82233e+05
 Pressure (bar)
    5.25190e+04

           Step           Time
              3        3.00000

   Energies (kJ/mol)
        G96Bond       G96Angle    Proper Dih.  Improper Dih.          LJ-14
    1.88965e+03    1.85652e+03    7.39926e+02    4.81542e+02   -1.76297e+02
     Coulomb-14        LJ (SR)   Coulomb (SR)   Coul. recip.      Potential
    2.39139e+04    2.09202e+05   -5.36671e+05    1.48129e+04   -2.83950e+05
 Pressure (bar)
    3.01926e+04

           Step           Time
              4        4.00000

   Energies (kJ/mol)
        G96Bond       G96Angle    Proper Dih.  Improper Dih.          LJ-14
    2.48178e+03    2.02749e+03    7.44573e+02    5.79060e+02   -1.23300e+02
     Coulomb-14        LJ (SR)   Coulomb (SR)   Coul. recip.      Potential
    2.39244e+04    1.56696e+05   -5.40115e+05    1.43513e+04   -3.39434e+05
 Pressure (bar)
    1.90792e+04

           Step           Time
              5        5.00000

   Energies (kJ/mol)
        G96Bond       G96Angle    Proper Dih.  Improper Dih.          LJ-14
    1.64920e+03    2.07926e+03    7.43814e+02    6.25497e+02   -8.77683e+01
     Coulomb-14        LJ (SR)   Coulomb (SR)   Coul. recip.      Potential
    2.39271e+04    1.38503e+05   -5.42952e+05    1.37538e+04   -3.61758e+05
 Pressure (bar)
    1.51822e+04

           Step           Time
              6        6.00000

   Energies (kJ/mol)
        G96Bond       G96Angle    Proper Dih.  Improper Dih.          LJ-14
    1.26980e+03    2.10219e+03    7.45707e+02    5.91934e+02   -6.55402e+01
     Coulomb-14        LJ (SR)   Coulomb (SR)   Coul. recip.      Potential
    2.39340e+04    1.28807e+05   -5.45429e+05    1.31609e+04   -3.74883e+05
 Pressure (bar)
    1.29641e+04

           Step           Time
              7        7.00000

   Energies (kJ/mol)
        G96Bond       G96Angle    Proper Dih.  Improper Dih.          LJ-14
    7.71075e+02    2.13378e+03    7.55492e+02    6.53499e+02   -3.06859e+01
     Coulomb-14        LJ (SR)   Coulomb (SR)   Coul. recip.      Potential
    2.39448e+04    1.16908e+05   -5.50002e+05    1.19910e+04   -3.92875e+05
 Pressure (bar)
    1.00224e+04

           Step           Time
              8        8.00000

   Energies (kJ/mol)
        G96Bond       G96Angle    Proper Dih.  Improper Dih.          LJ-14
    7.50884e+02    2.08816e+03    7.58123e+02    6.04678e+02   -3.12145e+01
     Coulomb-14        LJ (SR)   Coulomb (SR)   Coul. recip.      Potential
    2.39519e+04    1.13945e+05   -5.51387e+05    1.16445e+04   -3.97675e+05
 Pressure (bar)
    9.30697e+03

           Step           Time
              9        9.00000

   Energies (kJ/mol)
        G96Bond       G96Angle    Proper Dih.  Improper Dih.          LJ-14
    1.37654e+03    2.12860e+03    7.75224e+02    5.31183e+02   -2.31934e+01
     Coulomb-14        LJ (SR)   Coulomb (SR)   Coul. recip.      Potential
    2.39883e+04    1.01307e+05   -5.61072e+05    9.06563e+03   -4.21923e+05
 Pressure (bar)
    5.67658e+03

           Step           Time
             10       10.00000

   Energies (kJ/mol)
        G96Bond       G96Angle    Proper Dih.  Improper Dih.          LJ-14
    4.42623e+02    1.95564e+03    7.72977e+02    5.38380e+02   -2.84731e+01
     Coulomb-14        LJ (SR)   Coulomb (SR)   Coul. recip.      Potential
    2.39950e+04    9.95180e+04   -5.61710e+05    8.94445e+03   -4.25572e+05
 Pressure (bar)
    5.41677e+03

           Step           Time
             11       11.00000

   Energies (kJ/mol)
        G96Bond       G96Angle    Proper Dih.  Improper Dih.          LJ-14
    3.37006e+03    2.14423e+03    7.68012e+02    6.43313e+02   -7.49155e+01
     Coulomb-14        LJ (SR)   Coulomb (SR)   Coul. recip.      Potential
    2.40064e+04    9.51627e+04   -5.68506e+05    7.55834e+03   -4.34928e+05
 Pressure (bar)
    3.83945e+03

           Step           Time
             12       12.00000

   Energies (kJ/mol)
        G96Bond       G96Angle    Proper Dih.  Improper Dih.          LJ-14
    6.96472e+02    1.60976e+03    7.72613e+02    6.14610e+02   -8.68430e+01
     Coulomb-14        LJ (SR)   Coulomb (SR)   Coul. recip.      Potential
    2.40170e+04    9.36130e+04   -5.68943e+05    7.49433e+03   -4.40212e+05
 Pressure (bar)
    3.79199e+03

           Step           Time
             13       13.00000

   Energies (kJ/mol)
        G96Bond       G96Angle    Proper Dih.  Improper Dih.          LJ-14
    3.80020e+03    1.82433e+03    7.68370e+02    4.29496e+02   -1.01097e+02
     Coulomb-14        LJ (SR)   Coulomb (SR)   Coul. recip.      Potential
    2.40202e+04    9.14866e+04   -5.72576e+05    6.90083e+03   -4.43447e+05
 Pressure (bar)
    2.58971e+03

           Step           Time
             14       14.00000

           Step           Time
             15       15.00000

   Energies (kJ/mol)
        G96Bond       G96Angle    Proper Dih.  Improper Dih.          LJ-14
    7.83926e+02    1.54806e+03    7.54828e+02    4.30902e+02   -7.53374e+01
     Coulomb-14        LJ (SR)   Coulomb (SR)   Coul. recip.      Potential
    2.40252e+04    9.08324e+04   -5.73096e+05    6.83406e+03   -4.47962e+05
 Pressure (bar)
    2.80145e+03

           Step           Time
             16       16.00000

   Energies (kJ/mol)
        G96Bond       G96Angle    Proper Dih.  Improper Dih.          LJ-14
    1.52408e+03    1.78222e+03    7.56358e+02    4.16577e+02   -1.06024e+02
     Coulomb-14        LJ (SR)   Coulomb (SR)   Coul. recip.      Potential
    2.40169e+04    8.99528e+04   -5.74357e+05    6.63991e+03   -4.49374e+05
 Pressure (bar)
    2.52403e+03

           Step           Time
             17       17.00000

   Energies (kJ/mol)
        G96Bond       G96Angle    Proper Dih.  Improper Dih.          LJ-14
    2.06486e+03    1.78278e+03    7.70585e+02    4.94701e+02   -1.03350e+02
     Coulomb-14        LJ (SR)   Coulomb (SR)   Coul. recip.      Potential
    2.40389e+04    8.92203e+04   -5.75440e+05    6.50385e+03   -4.50668e+05
 Pressure (bar)
    2.23878e+03

           Step           Time
             18       18.00000

           Step           Time
             19       19.00000

   Energies (kJ/mol)
        G96Bond       G96Angle    Proper Dih.  Improper Dih.          LJ-14
    1.43964e+03    1.52041e+03    7.56948e+02    4.12548e+02   -9.95459e+01
     Coulomb-14        LJ (SR)   Coulomb (SR)   Coul. recip.      Potential
    2.40331e+04    8.88273e+04   -5.76068e+05    6.41108e+03   -4.52766e+05
 Pressure (bar)
    2.22950e+03

           Step           Time
             20       20.00000

   Energies (kJ/mol)
        G96Bond       G96Angle    Proper Dih.  Improper Dih.          LJ-14
    1.60918e+03    1.54552e+03    7.59749e+02    4.36819e+02   -1.20163e+02
     Coulomb-14        LJ (SR)   Coulomb (SR)   Coul. recip.      Potential
    2.40376e+04    8.83315e+04   -5.76900e+05    6.30445e+03   -4.53995e+05
 Pressure (bar)
    2.00212e+03

           Step           Time
             21       21.00000

   Energies (kJ/mol)
        G96Bond       G96Angle    Proper Dih.  Improper Dih.          LJ-14
    2.04037e+03    1.57703e+03    7.56622e+02    3.99469e+02   -8.60019e+01
     Coulomb-14        LJ (SR)   Coulomb (SR)   Coul. recip.      Potential
    2.40266e+04    8.78519e+04   -5.77682e+05    6.20371e+03   -4.54912e+05
 Pressure (bar)
    1.87067e+03

           Step           Time
             22       22.00000

   Energies (kJ/mol)
        G96Bond       G96Angle    Proper Dih.  Improper Dih.          LJ-14
    3.14198e+03    1.79512e+03    7.63110e+02    4.67324e+02   -1.24204e+02
     Coulomb-14        LJ (SR)   Coulomb (SR)   Coul. recip.      Potential
    2.40395e+04    8.73067e+04   -5.78597e+05    6.08935e+03   -4.55118e+05
 Pressure (bar)
    1.52441e+03

           Step           Time
             23       23.00000

           Step           Time
             24       24.00000

   Energies (kJ/mol)
        G96Bond       G96Angle    Proper Dih.  Improper Dih.          LJ-14
    6.65262e+02    1.37238e+03    7.55224e+02    3.99356e+02   -1.10272e+02
     Coulomb-14        LJ (SR)   Coulomb (SR)   Coul. recip.      Potential
    2.40281e+04    8.71006e+04   -5.78929e+05    6.04362e+03   -4.58674e+05
 Pressure (bar)
    1.75674e+03

           Step           Time
             25       25.00000

           Step           Time
             26       26.00000

   Energies (kJ/mol)
        G96Bond       G96Angle    Proper Dih.  Improper Dih.          LJ-14
    7.79380e+02    1.40652e+03    7.52944e+02    4.13098e+02   -1.37199e+02
     Coulomb-14        LJ (SR)   Coulomb (SR)   Coul. recip.      Potential
    2.40487e+04    8.65042e+04   -5.79971e+05    5.92027e+03   -4.60283e+05
 Pressure (bar)
    1.48582e+03

           Step           Time
             27       27.00000

   Energies (kJ/mol)
        G96Bond       G96Angle    Proper Dih.  Improper Dih.          LJ-14
    5.24266e+02    1.32236e+03    7.51392e+02    3.88226e+02   -1.32445e+02
     Coulomb-14        LJ (SR)   Coulomb (SR)   Coul. recip.      Potential
    2.40382e+04    8.62149e+04   -5.80445e+05    5.85526e+03   -4.61483e+05
 Pressure (bar)
    1.45042e+03

           Step           Time
             28       28.00000

   Energies (kJ/mol)
        G96Bond       G96Angle    Proper Dih.  Improper Dih.          LJ-14
    1.39303e+03    1.41166e+03    7.56119e+02    4.11474e+02   -1.48854e+02
     Coulomb-14        LJ (SR)   Coulomb (SR)   Coul. recip.      Potential
    2.40531e+04    8.56561e+04   -5.81471e+05    5.74275e+03   -4.62196e+05
 Pressure (bar)
    1.12427e+03

           Step           Time
             29       29.00000

   Energies (kJ/mol)
        G96Bond       G96Angle    Proper Dih.  Improper Dih.          LJ-14
    9.11161e+02    1.33577e+03    7.51151e+02    3.79161e+02   -1.36260e+02
     Coulomb-14        LJ (SR)   Coulomb (SR)   Coul. recip.      Potential
    2.40387e+04    8.53991e+04   -5.81862e+05    5.68506e+03   -4.63498e+05
 Pressure (bar)
    1.15471e+03

           Step           Time
             30       30.00000

           Step           Time
             31       31.00000

   Energies (kJ/mol)
        G96Bond       G96Angle    Proper Dih.  Improper Dih.          LJ-14
    4.39582e+02    1.24658e+03    7.53534e+02    3.93194e+02   -1.49713e+02
     Coulomb-14        LJ (SR)   Coulomb (SR)   Coul. recip.      Potential
    2.40502e+04    8.51259e+04   -5.82371e+05    5.63347e+03   -4.64878e+05
 Pressure (bar)
    1.06885e+03

           Step           Time
             32       32.00000

           Step           Time
             33       33.00000

   Energies (kJ/mol)
        G96Bond       G96Angle    Proper Dih.  Improper Dih.          LJ-14
    4.66015e+02    1.25020e+03    7.50956e+02    3.75543e+02   -1.46219e+02
     Coulomb-14        LJ (SR)   Coulomb (SR)   Coul. recip.      Potential
    2.40480e+04    8.47911e+04   -5.82961e+05    5.56426e+03   -4.65861e+05
 Pressure (bar)
    9.68922e+02

           Step           Time
             34       34.00000

           Step           Time
             35       35.00000

   Energies (kJ/mol)
        G96Bond       G96Angle    Proper Dih.  Improper Dih.          LJ-14
    3.57830e+02    1.20977e+03    7.51940e+02    3.84083e+02   -1.56738e+02
     Coulomb-14        LJ (SR)   Coulomb (SR)   Coul. recip.      Potential
    2.40546e+04    8.45433e+04   -5.83437e+05    5.51405e+03   -4.66778e+05
 Pressure (bar)
    8.63675e+02

           Step           Time
             36       36.00000

   Energies (kJ/mol)
        G96Bond       G96Angle    Proper Dih.  Improper Dih.          LJ-14
    5.88248e+02    1.24254e+03    7.51469e+02    3.70121e+02   -1.52301e+02
     Coulomb-14        LJ (SR)   Coulomb (SR)   Coul. recip.      Potential
    2.40509e+04    8.41771e+04   -5.84087e+05    5.44020e+03   -4.67618e+05
 Pressure (bar)
    7.48578e+02

           Step           Time
             37       37.00000

   Energies (kJ/mol)
        G96Bond       G96Angle    Proper Dih.  Improper Dih.          LJ-14
    4.91571e+02    1.20002e+03    7.52434e+02    3.82102e+02   -1.64123e+02
     Coulomb-14        LJ (SR)   Coulomb (SR)   Coul. recip.      Potential
    2.40582e+04    8.39282e+04   -5.84568e+05    5.39017e+03   -4.68530e+05
 Pressure (bar)
    6.37455e+02

           Step           Time
             38       38.00000

   Energies (kJ/mol)
        G96Bond       G96Angle    Proper Dih.  Improper Dih.          LJ-14
    9.21671e+02    1.26399e+03    7.52104e+02    3.65990e+02   -1.55850e+02
     Coulomb-14        LJ (SR)   Coulomb (SR)   Coul. recip.      Potential
    2.40523e+04    8.36098e+04   -5.85137e+05    5.32683e+03   -4.69000e+05
 Pressure (bar)
    5.35534e+02

           Step           Time
             39       39.00000

   Energies (kJ/mol)
        G96Bond       G96Angle    Proper Dih.  Improper Dih.          LJ-14
    8.05186e+02    1.21977e+03    7.53471e+02    3.84213e+02   -1.70263e+02
     Coulomb-14        LJ (SR)   Coulomb (SR)   Coul. recip.      Potential
    2.40606e+04    8.33605e+04   -5.85634e+05    5.27673e+03   -4.69944e+05
 Pressure (bar)
    4.18013e+02

           Step           Time
             40       40.00000

           Step           Time
             41       41.00000

   Energies (kJ/mol)
        G96Bond       G96Angle    Proper Dih.  Improper Dih.          LJ-14
    2.44785e+02    1.15375e+03    7.51769e+02    3.67138e+02   -1.65136e+02
     Coulomb-14        LJ (SR)   Coulomb (SR)   Coul. recip.      Potential
    2.40571e+04    8.32147e+04   -5.85886e+05    5.24893e+03   -4.71013e+05
 Pressure (bar)
    4.50965e+02

           Step           Time
             42       42.00000

   Energies (kJ/mol)
        G96Bond       G96Angle    Proper Dih.  Improper Dih.          LJ-14
    1.01287e+03    1.21732e+03    7.54028e+02    3.82522e+02   -1.77452e+02
     Coulomb-14        LJ (SR)   Coulomb (SR)   Coul. recip.      Potential
    2.40690e+04    8.27134e+04   -5.86899e+05    5.14745e+03   -4.71780e+05
 Pressure (bar)
    1.50799e+02

           Step           Time
             43       43.00000

   Energies (kJ/mol)
        G96Bond       G96Angle    Proper Dih.  Improper Dih.          LJ-14
    3.33842e+02    1.14088e+03    7.51995e+02    3.61345e+02   -1.70407e+02
     Coulomb-14        LJ (SR)   Coulomb (SR)   Coul. recip.      Potential
    2.40596e+04    8.25690e+04   -5.87132e+05    5.12020e+03   -4.72966e+05
 Pressure (bar)
    2.19851e+02

           Step           Time
             44       44.00000

   Energies (kJ/mol)
        G96Bond       G96Angle    Proper Dih.  Improper Dih.          LJ-14
    1.27583e+03    1.24103e+03    7.55271e+02    3.84176e+02   -1.83061e+02
     Coulomb-14        LJ (SR)   Coulomb (SR)   Coul. recip.      Potential
    2.40726e+04    8.21964e+04   -5.87921e+05    5.04504e+03   -4.73133e+05
 Pressure (bar)
   -5.21744e+01

           Step           Time
             45       45.00000

   Energies (kJ/mol)
        G96Bond       G96Angle    Proper Dih.  Improper Dih.          LJ-14
    5.85629e+02    1.14990e+03    7.52297e+02    3.56380e+02   -1.72650e+02
     Coulomb-14        LJ (SR)   Coulomb (SR)   Coul. recip.      Potential
    2.40594e+04    8.20485e+04   -5.88150e+05    5.01770e+03   -4.74353e+05
 Pressure (bar)
    3.57188e+01

           Step           Time
             46       46.00000

           Step           Time
             47       47.00000

   Energies (kJ/mol)
        G96Bond       G96Angle    Proper Dih.  Improper Dih.          LJ-14
    2.84358e+02    1.11171e+03    7.53115e+02    3.66744e+02   -1.82057e+02
     Coulomb-14        LJ (SR)   Coulomb (SR)   Coul. recip.      Potential
    2.40686e+04    8.18892e+04   -5.88503e+05    4.98597e+03   -4.75226e+05
 Pressure (bar)
   -3.28081e+01

           Step           Time
             48       48.00000

   Energies (kJ/mol)
        G96Bond       G96Angle    Proper Dih.  Improper Dih.          LJ-14
    1.43500e+03    1.24928e+03    7.53858e+02    3.52459e+02   -1.72980e+02
     Coulomb-14        LJ (SR)   Coulomb (SR)   Coul. recip.      Potential
    2.40627e+04    8.14703e+04   -5.89337e+05    4.90201e+03   -4.75285e+05
 Pressure (bar)
   -2.49461e+02

           Step           Time
             49       49.00000

   Energies (kJ/mol)
        G96Bond       G96Angle    Proper Dih.  Improper Dih.          LJ-14
    5.43185e+02    1.12037e+03    7.53998e+02    3.68282e+02   -1.88455e+02
     Coulomb-14        LJ (SR)   Coulomb (SR)   Coul. recip.      Potential
    2.40706e+04    8.13071e+04   -5.89701e+05    4.87028e+03   -4.76855e+05
 Pressure (bar)
   -2.64425e+02

           Step           Time
             50       50.00000

           Step           Time
             51       51.00000

   Energies (kJ/mol)
        G96Bond       G96Angle    Proper Dih.  Improper Dih.          LJ-14
    3.53443e+02    1.09389e+03    7.52982e+02    3.52361e+02   -1.82549e+02
     Coulomb-14        LJ (SR)   Coulomb (SR)   Coul. recip.      Potential
    2.40688e+04    8.11627e+04   -5.89981e+05    4.84300e+03   -4.77537e+05
 Pressure (bar)
   -2.70001e+02

           Step           Time
             52       52.00000

   Energies (kJ/mol)
        G96Bond       G96Angle    Proper Dih.  Improper Dih.          LJ-14
    9.10501e+02    1.14970e+03    7.54830e+02    3.71436e+02   -1.93256e+02
     Coulomb-14        LJ (SR)   Coulomb (SR)   Coul. recip.      Potential
    2.40753e+04    8.09102e+04   -5.90552e+05    4.79150e+03   -4.77782e+05
 Pressure (bar)
   -4.56614e+02

           Step           Time
             53       53.00000

   Energies (kJ/mol)
        G96Bond       G96Angle    Proper Dih.  Improper Dih.          LJ-14
    5.85430e+02    1.10812e+03    7.53473e+02    3.48689e+02   -1.84131e+02
     Coulomb-14        LJ (SR)   Coulomb (SR)   Coul. recip.      Potential
    2.40685e+04    8.07756e+04   -5.90795e+05    4.76669e+03   -4.78573e+05
 Pressure (bar)
   -4.17780e+02

           Step           Time
             54       54.00000

           Step           Time
             55       55.00000

   Energies (kJ/mol)
        G96Bond       G96Angle    Proper Dih.  Improper Dih.          LJ-14
    2.25827e+02    1.05970e+03    7.53502e+02    3.57024e+02   -1.92238e+02
     Coulomb-14        LJ (SR)   Coulomb (SR)   Coul. recip.      Potential
    2.40744e+04    8.06560e+04   -5.91075e+05    4.74269e+03   -4.79398e+05
 Pressure (bar)
   -4.60042e+02

           Step           Time
             56       56.00000

   Energies (kJ/mol)
        G96Bond       G96Angle    Proper Dih.  Improper Dih.          LJ-14
    1.20947e+03    1.17629e+03    7.55082e+02    3.46149e+02   -1.86698e+02
     Coulomb-14        LJ (SR)   Coulomb (SR)   Coul. recip.      Potential
    2.40743e+04    8.02520e+04   -5.91956e+05    4.66158e+03   -4.79668e+05
 Pressure (bar)
   -6.78754e+02

           Step           Time
             57       57.00000

   Energies (kJ/mol)
        G96Bond       G96Angle    Proper Dih.  Improper Dih.          LJ-14
    4.35410e+02    1.06312e+03    7.53979e+02    3.57697e+02   -1.98315e+02
     Coulomb-14        LJ (SR)   Coulomb (SR)   Coul. recip.      Potential
    2.40769e+04    8.01201e+04   -5.92255e+05    4.63529e+03   -4.81011e+05
 Pressure (bar)
   -6.81251e+02

           Step           Time
             58       58.00000

           Step           Time
             59       59.00000

   Energies (kJ/mol)
        G96Bond       G96Angle    Proper Dih.  Improper Dih.          LJ-14
    2.98618e+02    1.04768e+03    7.54003e+02    3.45989e+02   -1.94673e+02
     Coulomb-14        LJ (SR)   Coulomb (SR)   Coul. recip.      Potential
    2.40774e+04    7.99995e+04   -5.92516e+05    4.61277e+03   -4.81574e+05
 Pressure (bar)
   -6.93191e+02

           Step           Time
             60       60.00000

   Energies (kJ/mol)
        G96Bond       G96Angle    Proper Dih.  Improper Dih.          LJ-14
    6.71896e+02    1.08169e+03    7.54647e+02    3.59831e+02   -2.02025e+02
     Coulomb-14        LJ (SR)   Coulomb (SR)   Coul. recip.      Potential
    2.40808e+04    7.97997e+04   -5.92991e+05    4.57109e+03   -4.81873e+05
 Pressure (bar)
   -8.31689e+02

           Step           Time
             61       61.00000

   Energies (kJ/mol)
        G96Bond       G96Angle    Proper Dih.  Improper Dih.          LJ-14
    4.73312e+02    1.05798e+03    7.54478e+02    3.43252e+02   -1.96399e+02
     Coulomb-14        LJ (SR)   Coulomb (SR)   Coul. recip.      Potential
    2.40777e+04    7.96843e+04   -5.93229e+05    4.55025e+03   -4.82484e+05
 Pressure (bar)
   -8.16231e+02

           Step           Time
             62       62.00000

           Step           Time
             63       63.00000

   Energies (kJ/mol)
        G96Bond       G96Angle    Proper Dih.  Improper Dih.          LJ-14
    1.88394e+02    1.01828e+03    7.54074e+02    3.49238e+02   -2.01843e+02
     Coulomb-14        LJ (SR)   Coulomb (SR)   Coul. recip.      Potential
    2.40811e+04    7.95898e+04   -5.93460e+05    4.53066e+03   -4.83151e+05
 Pressure (bar)
   -8.47347e+02

           Step           Time
             64       64.00000

   Energies (kJ/mol)
        G96Bond       G96Angle    Proper Dih.  Improper Dih.          LJ-14
    8.23963e+02    1.08829e+03    7.55646e+02    3.40886e+02   -2.00073e+02
     Coulomb-14        LJ (SR)   Coulomb (SR)   Coul. recip.      Potential
    2.40834e+04    7.92366e+04   -5.94295e+05    4.45954e+03   -4.83707e+05
 Pressure (bar)
   -1.02998e+03

           Step           Time
             65       65.00000

   Energies (kJ/mol)
        G96Bond       G96Angle    Proper Dih.  Improper Dih.          LJ-14
    2.55194e+02    1.00929e+03    7.54255e+02    3.47856e+02   -2.06678e+02
     Coulomb-14        LJ (SR)   Coulomb (SR)   Coul. recip.      Potential
    2.40838e+04    7.91378e+04   -5.94529e+05    4.43899e+03   -4.84708e+05
 Pressure (bar)
   -1.02905e+03

           Step           Time
             66       66.00000

           Step           Time
             67       67.00000

   Energies (kJ/mol)
        G96Bond       G96Angle    Proper Dih.  Improper Dih.          LJ-14
    2.29590e+02    1.00483e+03    7.54790e+02    3.41197e+02   -2.05728e+02
     Coulomb-14        LJ (SR)   Coulomb (SR)   Coul. recip.      Potential
    2.40855e+04    7.90244e+04   -5.94801e+05    4.41722e+03   -4.85150e+05
 Pressure (bar)
   -1.06096e+03

           Step           Time
             68       68.00000

   Energies (kJ/mol)
        G96Bond       G96Angle    Proper Dih.  Improper Dih.          LJ-14
    3.68799e+02    1.01469e+03    7.54626e+02    3.48568e+02   -2.09634e+02
     Coulomb-14        LJ (SR)   Coulomb (SR)   Coul. recip.      Potential
    2.40864e+04    7.88742e+04   -5.95177e+05    4.38529e+03   -4.85554e+05
 Pressure (bar)
   -1.14504e+03

           Step           Time
             69       69.00000

   Energies (kJ/mol)
        G96Bond       G96Angle    Proper Dih.  Improper Dih.          LJ-14
    3.58783e+02    1.01202e+03    7.55287e+02    3.38990e+02   -2.07575e+02
     Coulomb-14        LJ (SR)   Coulomb (SR)   Coul. recip.      Potential
    2.40864e+04    7.87651e+04   -5.95436e+05    4.36490e+03   -4.85962e+05
 Pressure (bar)
   -1.16579e+03

           Step           Time
             70       70.00000

   Energies (kJ/mol)
        G96Bond       G96Angle    Proper Dih.  Improper Dih.          LJ-14
    6.03844e+02    1.03671e+03    7.55217e+02    3.50976e+02   -2.12004e+02
     Coulomb-14        LJ (SR)   Coulomb (SR)   Coul. recip.      Potential
    2.40879e+04    7.86257e+04   -5.95796e+05    4.33428e+03   -4.86213e+05
 Pressure (bar)
   -1.26168e+03

           Step           Time
             71       71.00000

   Energies (kJ/mol)
        G96Bond       G96Angle    Proper Dih.  Improper Dih.          LJ-14
    6.40849e+02    1.03906e+03    7.56074e+02    3.37447e+02   -2.08353e+02
     Coulomb-14        LJ (SR)   Coulomb (SR)   Coul. recip.      Potential
    2.40864e+04    7.85223e+04   -5.96039e+05    4.31584e+03   -4.86549e+05
 Pressure (bar)
   -1.27163e+03

           Step           Time
             72       72.00000

           Step           Time
             73       73.00000

   Energies (kJ/mol)
        G96Bond       G96Angle    Proper Dih.  Improper Dih.          LJ-14
    1.62989e+02    9.77100e+02    7.54915e+02    3.41723e+02   -2.12396e+02
     Coulomb-14        LJ (SR)   Coulomb (SR)   Coul. recip.      Potential
    2.40882e+04    7.84508e+04   -5.96224e+05    4.30017e+03   -4.87360e+05
 Pressure (bar)
   -1.27149e+03

           Step           Time
             74       74.00000

   Energies (kJ/mol)
        G96Bond       G96Angle    Proper Dih.  Improper Dih.          LJ-14
    7.34741e+02    1.03614e+03    7.56937e+02    3.36034e+02   -2.13550e+02
     Coulomb-14        LJ (SR)   Coulomb (SR)   Coul. recip.      Potential
    2.40950e+04    7.81203e+04   -5.97106e+05    4.23170e+03   -4.88008e+05
 Pressure (bar)
   -1.46672e+03

           Step           Time
             75       75.00000

   Energies (kJ/mol)
        G96Bond       G96Angle    Proper Dih.  Improper Dih.          LJ-14
    1.98453e+02    9.65383e+02    7.54833e+02    3.39511e+02   -2.16645e+02
     Coulomb-14        LJ (SR)   Coulomb (SR)   Coul. recip.      Potential
    2.40913e+04    7.80437e+04   -5.97284e+05    4.21494e+03   -4.88893e+05
 Pressure (bar)
   -1.44522e+03

           Step           Time
             76       76.00000

   Energies (kJ/mol)
        G96Bond       G96Angle    Proper Dih.  Improper Dih.          LJ-14
    8.16846e+02    1.03750e+03    7.57837e+02    3.35715e+02   -2.17227e+02
     Coulomb-14        LJ (SR)   Coulomb (SR)   Coul. recip.      Potential
    2.40963e+04    7.78427e+04   -5.97841e+05    4.17447e+03   -4.88997e+05
 Pressure (bar)
   -1.57488e+03

           Step           Time
             77       77.00000

   Energies (kJ/mol)
        G96Bond       G96Angle    Proper Dih.  Improper Dih.          LJ-14
    3.12939e+02    9.70272e+02    7.54964e+02    3.39498e+02   -2.18834e+02
     Coulomb-14        LJ (SR)   Coulomb (SR)   Coul. recip.      Potential
    2.40916e+04    7.77623e+04   -5.98030e+05    4.15573e+03   -4.89862e+05
 Pressure (bar)
   -1.55647e+03

           Step           Time
             78       78.00000

           Step           Time
             79       79.00000

   Energies (kJ/mol)
        G96Bond       G96Angle    Proper Dih.  Improper Dih.          LJ-14
    2.13037e+02    9.58176e+02    7.56058e+02    3.34756e+02   -2.20037e+02
     Coulomb-14        LJ (SR)   Coulomb (SR)   Coul. recip.      Potential
    2.40954e+04    7.76897e+04   -5.98240e+05    4.14203e+03   -4.90271e+05
 Pressure (bar)
   -1.57870e+03

           Step           Time
             80       80.00000

   Energies (kJ/mol)
        G96Bond       G96Angle    Proper Dih.  Improper Dih.          LJ-14
    5.62006e+02    9.95373e+02    7.55426e+02    3.41764e+02   -2.20488e+02
     Coulomb-14        LJ (SR)   Coulomb (SR)   Coul. recip.      Potential
    2.40936e+04    7.75467e+04   -5.98636e+05    4.10900e+03   -4.90452e+05
 Pressure (bar)
   -1.67514e+03

           Step           Time
             81       81.00000

   Energies (kJ/mol)
        G96Bond       G96Angle    Proper Dih.  Improper Dih.          LJ-14
    3.89886e+02    9.72593e+02    7.56620e+02    3.33149e+02   -2.21885e+02
     Coulomb-14        LJ (SR)   Coulomb (SR)   Coul. recip.      Potential
    2.40961e+04    7.74745e+04   -5.98838e+05    4.09651e+03   -4.90941e+05
 Pressure (bar)
   -1.67694e+03

           Step           Time
             82       82.00000

           Step           Time
             83       83.00000

   Energies (kJ/mol)
        G96Bond       G96Angle    Proper Dih.  Improper Dih.          LJ-14
    1.83082e+02    9.43227e+02    7.55433e+02    3.35749e+02   -2.22485e+02
     Coulomb-14        LJ (SR)   Coulomb (SR)   Coul. recip.      Potential
    2.40957e+04    7.74106e+04   -5.99013e+05    4.08158e+03   -4.91430e+05
 Pressure (bar)
   -1.68920e+03

           Step           Time
             84       84.00000

   Energies (kJ/mol)
        G96Bond       G96Angle    Proper Dih.  Improper Dih.          LJ-14
    5.72499e+02    9.85344e+02    7.57178e+02    3.32014e+02   -2.24231e+02
     Coulomb-14        LJ (SR)   Coulomb (SR)   Coul. recip.      Potential
    2.40993e+04    7.72558e+04   -5.99476e+05    4.04909e+03   -4.91649e+05
 Pressure (bar)
   -1.79165e+03

           Step           Time
             85       85.00000

   Energies (kJ/mol)
        G96Bond       G96Angle    Proper Dih.  Improper Dih.          LJ-14
    2.57758e+02    9.44482e+02    7.55299e+02    3.35349e+02   -2.24451e+02
     Coulomb-14        LJ (SR)   Coulomb (SR)   Coul. recip.      Potential
    2.40964e+04    7.71874e+04   -5.99654e+05    4.03295e+03   -4.92269e+05
 Pressure (bar)
   -1.78806e+03

           Step           Time
             86       86.00000

           Step           Time
             87       87.00000

   Energies (kJ/mol)
        G96Bond       G96Angle    Proper Dih.  Improper Dih.          LJ-14
    1.84469e+02    9.33003e+02    7.56037e+02    3.31153e+02   -2.25944e+02
     Coulomb-14        LJ (SR)   Coulomb (SR)   Coul. recip.      Potential
    2.40992e+04    7.71256e+04   -5.99843e+05    4.02062e+03   -4.92619e+05
 Pressure (bar)
   -1.80821e+03

           Step           Time
             88       88.00000

   Energies (kJ/mol)
        G96Bond       G96Angle    Proper Dih.  Improper Dih.          LJ-14
    3.95897e+02    9.56605e+02    7.55460e+02    3.36367e+02   -2.26123e+02
     Coulomb-14        LJ (SR)   Coulomb (SR)   Coul. recip.      Potential
    2.40980e+04    7.70061e+04   -6.00196e+05    3.99250e+03   -4.92881e+05
 Pressure (bar)
   -1.88245e+03

           Step           Time
             89       89.00000

   Energies (kJ/mol)
        G96Bond       G96Angle    Proper Dih.  Improper Dih.          LJ-14
    3.00359e+02    9.40245e+02    7.56388e+02    3.29625e+02   -2.27843e+02
     Coulomb-14        LJ (SR)   Coulomb (SR)   Coul. recip.      Potential
    2.41003e+04    7.69427e+04   -6.00387e+05    3.98062e+03   -4.93265e+05
 Pressure (bar)
   -1.89292e+03

           Step           Time
             90       90.00000

   Energies (kJ/mol)
        G96Bond       G96Angle    Proper Dih.  Improper Dih.          LJ-14
    6.66428e+02    9.85601e+02    7.55739e+02    3.39007e+02   -2.26934e+02
     Coulomb-14        LJ (SR)   Coulomb (SR)   Coul. recip.      Potential
    2.40984e+04    7.68414e+04   -6.00699e+05    3.95549e+03   -4.93284e+05
 Pressure (bar)
   -1.97418e+03

           Step           Time
             91       91.00000

   Energies (kJ/mol)
        G96Bond       G96Angle    Proper Dih.  Improper Dih.          LJ-14
    5.65863e+02    9.68709e+02    7.57072e+02    3.29123e+02   -2.28813e+02
     Coulomb-14        LJ (SR)   Coulomb (SR)   Coul. recip.      Potential
    2.41002e+04    7.67783e+04   -6.00888e+05    3.94463e+03   -4.93672e+05
 Pressure (bar)
   -1.97577e+03

           Step           Time
             92       92.00000

           Step           Time
             93       93.00000

   Energies (kJ/mol)
        G96Bond       G96Angle    Proper Dih.  Improper Dih.          LJ-14
    1.74011e+02    9.17986e+02    7.55544e+02    3.31470e+02   -2.29172e+02
     Coulomb-14        LJ (SR)   Coulomb (SR)   Coul. recip.      Potential
    2.40996e+04    7.67270e+04   -6.01035e+05    3.93185e+03   -4.94327e+05
 Pressure (bar)
   -1.96723e+03

           Step           Time
             94       94.00000

           Step           Time
             95       95.00000

   Energies (kJ/mol)
        G96Bond       G96Angle    Proper Dih.  Improper Dih.          LJ-14
    2.18028e+02    9.19304e+02    7.56174e+02    3.27931e+02   -2.30726e+02
     Coulomb-14        LJ (SR)   Coulomb (SR)   Coul. recip.      Potential
    2.41029e+04    7.66478e+04   -6.01298e+05    3.91469e+03   -4.94642e+05
 Pressure (bar)
   -2.01209e+03

           Step           Time
             96       96.00000

   Energies (kJ/mol)
        G96Bond       G96Angle    Proper Dih.  Improper Dih.          LJ-14
    2.16986e+02    9.17779e+02    7.55343e+02    3.31070e+02   -2.30878e+02
     Coulomb-14        LJ (SR)   Coulomb (SR)   Coul. recip.      Potential
    2.41010e+04    7.65803e+04   -6.01507e+05    3.89807e+03   -4.94937e+05
 Pressure (bar)
   -2.04318e+03

           Step           Time
             97       97.00000

   Energies (kJ/mol)
        G96Bond       G96Angle    Proper Dih.  Improper Dih.          LJ-14
    3.37885e+02    9.27878e+02    7.56385e+02    3.26663e+02   -2.32468e+02
     Coulomb-14        LJ (SR)   Coulomb (SR)   Coul. recip.      Potential
    2.41041e+04    7.65023e+04   -6.01764e+05    3.88166e+03   -4.95160e+05
 Pressure (bar)
   -2.08687e+03

           Step           Time
             98       98.00000

   Energies (kJ/mol)
        G96Bond       G96Angle    Proper Dih.  Improper Dih.          LJ-14
    3.23757e+02    9.26390e+02    7.55245e+02    3.31729e+02   -2.32059e+02
     Coulomb-14        LJ (SR)   Coulomb (SR)   Coul. recip.      Potential
    2.41013e+04    7.64359e+04   -6.01967e+05    3.86474e+03   -4.95460e+05
 Pressure (bar)
   -2.11454e+03

           Step           Time
             99       99.00000

   Energies (kJ/mol)
        G96Bond       G96Angle    Proper Dih.  Improper Dih.          LJ-14
    5.50900e+02    9.50022e+02    7.56907e+02    3.26372e+02   -2.33748e+02
     Coulomb-14        LJ (SR)   Coulomb (SR)   Coul. recip.      Potential
    2.41050e+04    7.63652e+04   -6.02210e+05    3.85046e+03   -4.95539e+05
 Pressure (bar)
   -2.16193e+03

           Step           Time
            100      100.00000

   Energies (kJ/mol)
        G96Bond       G96Angle    Proper Dih.  Improper Dih.          LJ-14
    5.75456e+02    9.53391e+02    7.55307e+02    3.34030e+02   -2.32361e+02
     Coulomb-14        LJ (SR)   Coulomb (SR)   Coul. recip.      Potential
    2.41003e+04    7.62972e+04   -6.02417e+05    3.83223e+03   -4.95801e+05
 Pressure (bar)
   -2.19169e+03

           Step           Time
            101      101.00000

           Step           Time
            102      102.00000

   Energies (kJ/mol)
        G96Bond       G96Angle    Proper Dih.  Improper Dih.          LJ-14
    1.39506e+02    8.95028e+02    7.55560e+02    3.25850e+02   -2.34578e+02
     Coulomb-14        LJ (SR)   Coulomb (SR)   Coul. recip.      Potential
    2.41035e+04    7.62624e+04   -6.02531e+05    3.82634e+03   -4.96457e+05
 Pressure (bar)
   -2.16427e+03

           Step           Time
            103      103.00000

   Energies (kJ/mol)
        G96Bond       G96Angle    Proper Dih.  Improper Dih.          LJ-14
    1.03866e+03    1.00647e+03    7.56070e+02    3.39261e+02   -2.35419e+02
     Coulomb-14        LJ (SR)   Coulomb (SR)   Coul. recip.      Potential
    2.41074e+04    7.60376e+04   -6.03345e+05    3.76813e+03   -4.96526e+05
 Pressure (bar)
   -2.38708e+03

           Step           Time
            104      104.00000

   Energies (kJ/mol)
        G96Bond       G96Angle    Proper Dih.  Improper Dih.          LJ-14
    2.42631e+02    8.92898e+02    7.55534e+02    3.22302e+02   -2.37661e+02
     Coulomb-14        LJ (SR)   Coulomb (SR)   Coul. recip.      Potential
    2.41049e+04    7.59944e+04   -6.03447e+05    3.76271e+03   -4.97610e+05
 Pressure (bar)
   -2.29834e+03

           Step           Time
            105      105.00000

           Step           Time
            106      106.00000

   Energies (kJ/mol)
        G96Bond       G96Angle    Proper Dih.  Improper Dih.          LJ-14
    2.38841e+02    8.97205e+02    7.55013e+02    3.27945e+02   -2.38168e+02
     Coulomb-14        LJ (SR)   Coulomb (SR)   Coul. recip.      Potential
    2.41064e+04    7.59397e+04   -6.03646e+05    3.74798e+03   -4.97871e+05
 Pressure (bar)
   -2.33380e+03

           Step           Time
            107      107.00000

   Energies (kJ/mol)
        G96Bond       G96Angle    Proper Dih.  Improper Dih.          LJ-14
    3.92342e+02    9.07275e+02    7.55692e+02    3.21478e+02   -2.38689e+02
     Coulomb-14        LJ (SR)   Coulomb (SR)   Coul. recip.      Potential
    2.41065e+04    7.58768e+04   -6.03864e+05    3.73460e+03   -4.98009e+05
 Pressure (bar)
   -2.36378e+03

           Step           Time
            108      108.00000

   Energies (kJ/mol)
        G96Bond       G96Angle    Proper Dih.  Improper Dih.          LJ-14
    4.07931e+02    9.14755e+02    7.54975e+02    3.30001e+02   -2.39188e+02
     Coulomb-14        LJ (SR)   Coulomb (SR)   Coul. recip.      Potential
    2.41057e+04    7.58210e+04   -6.04071e+05    3.71852e+03   -4.98257e+05
 Pressure (bar)
   -2.40089e+03

           Step           Time
            109      109.00000

           Step           Time
            110      110.00000

   Energies (kJ/mol)
        G96Bond       G96Angle    Proper Dih.  Improper Dih.          LJ-14
    1.30539e+02    8.74203e+02    7.54965e+02    3.22303e+02   -2.39954e+02
     Coulomb-14        LJ (SR)   Coulomb (SR)   Coul. recip.      Potential
    2.41069e+04    7.57908e+04   -6.04170e+05    3.71318e+03   -4.98717e+05
 Pressure (bar)
   -2.38117e+03

           Step           Time
            111      111.00000

   Energies (kJ/mol)
        G96Bond       G96Angle    Proper Dih.  Improper Dih.          LJ-14
    4.76000e+02    9.14277e+02    7.54858e+02    3.30065e+02   -2.41923e+02
     Coulomb-14        LJ (SR)   Coulomb (SR)   Coul. recip.      Potential
    2.41089e+04    7.56485e+04   -6.04726e+05    3.67475e+03   -4.99060e+05
 Pressure (bar)
   -2.50351e+03

           Step           Time
            112      112.00000

   Energies (kJ/mol)
        G96Bond       G96Angle    Proper Dih.  Improper Dih.          LJ-14
    1.64909e+02    8.69492e+02    7.54744e+02    3.19907e+02   -2.42064e+02
     Coulomb-14        LJ (SR)   Coulomb (SR)   Coul. recip.      Potential
    2.41082e+04    7.56149e+04   -6.04827e+05    3.66926e+03   -4.99567e+05
 Pressure (bar)
   -2.47018e+03

           Step           Time
            113      113.00000

           Step           Time
            114      114.00000

   Energies (kJ/mol)
        G96Bond       G96Angle    Proper Dih.  Improper Dih.          LJ-14
    1.70448e+02    8.71308e+02    7.54419e+02    3.23915e+02   -2.43235e+02
     Coulomb-14        LJ (SR)   Coulomb (SR)   Coul. recip.      Potential
    2.41089e+04    7.55677e+04   -6.05013e+05    3.65598e+03   -4.99804e+05
 Pressure (bar)
   -2.50250e+03

           Step           Time
            115      115.00000

   Energies (kJ/mol)
        G96Bond       G96Angle    Proper Dih.  Improper Dih.          LJ-14
    2.21594e+02    8.71738e+02    7.54718e+02    3.18641e+02   -2.43121e+02
     Coulomb-14        LJ (SR)   Coulomb (SR)   Coul. recip.      Potential
    2.41092e+04    7.55136e+04   -6.05214e+05    3.64373e+03   -5.00024e+05
 Pressure (bar)
   -2.52309e+03

           Step           Time
            116      116.00000

   Energies (kJ/mol)
        G96Bond       G96Angle    Proper Dih.  Improper Dih.          LJ-14
    2.42348e+02    8.76599e+02    7.54244e+02    3.24802e+02   -2.44543e+02
     Coulomb-14        LJ (SR)   Coulomb (SR)   Coul. recip.      Potential
    2.41089e+04    7.54658e+04   -6.05408e+05    3.62954e+03   -5.00250e+05
 Pressure (bar)
   -2.55824e+03

           Step           Time
            117      117.00000

   Energies (kJ/mol)
        G96Bond       G96Angle    Proper Dih.  Improper Dih.          LJ-14
    3.40935e+02    8.81597e+02    7.54850e+02    3.17516e+02   -2.43765e+02
     Coulomb-14        LJ (SR)   Coulomb (SR)   Coul. recip.      Potential
    2.41098e+04    7.54169e+04   -6.05594e+05    3.61930e+03   -5.00396e+05
 Pressure (bar)
   -2.57633e+03

           Step           Time
            118      118.00000

   Energies (kJ/mol)
        G96Bond       G96Angle    Proper Dih.  Improper Dih.          LJ-14
    3.97500e+02    8.93422e+02    7.54186e+02    3.26944e+02   -2.45484e+02
     Coulomb-14        LJ (SR)   Coulomb (SR)   Coul. recip.      Potential
    2.41083e+04    7.53691e+04   -6.05792e+05    3.60386e+03   -5.00584e+05
 Pressure (bar)
   -2.61757e+03

           Step           Time
            119      119.00000

   Energies (kJ/mol)
        G96Bond       G96Angle    Proper Dih.  Improper Dih.          LJ-14
    6.09041e+02    9.09643e+02    7.55281e+02    3.16963e+02   -2.43714e+02
     Coulomb-14        LJ (SR)   Coulomb (SR)   Coul. recip.      Potential
    2.41098e+04    7.53242e+04   -6.05962e+05    3.59572e+03   -5.00585e+05
 Pressure (bar)
   -2.63705e+03

           Step           Time
            120      120.00000

   Energies (kJ/mol)
        G96Bond       G96Angle    Proper Dih.  Improper Dih.          LJ-14
    7.48553e+02    9.37396e+02    7.54429e+02    3.31680e+02   -2.45686e+02
     Coulomb-14        LJ (SR)   Coulomb (SR)   Coul. recip.      Potential
    2.41063e+04    7.52756e+04   -6.06171e+05    3.57846e+03   -5.00685e+05
 Pressure (bar)
   -2.68916e+03

           Step           Time
            121      121.00000

           Step           Time
            122      122.00000

   Energies (kJ/mol)
        G96Bond       G96Angle    Proper Dih.  Improper Dih.          LJ-14
    1.34767e+02    8.51000e+02    7.54026e+02    3.18054e+02   -2.45761e+02
     Coulomb-14        LJ (SR)   Coulomb (SR)   Coul. recip.      Potential
    2.41086e+04    7.52511e+04   -6.06250e+05    3.57561e+03   -5.01503e+05
 Pressure (bar)
   -2.62967e+03

           Step           Time
            123      123.00000

           Step           Time
            124      124.00000

   Energies (kJ/mol)
        G96Bond       G96Angle    Proper Dih.  Improper Dih.          LJ-14
    2.39826e+02    8.64259e+02    7.53880e+02    3.23095e+02   -2.47575e+02
     Coulomb-14        LJ (SR)   Coulomb (SR)   Coul. recip.      Potential
    2.41113e+04    7.51877e+04   -6.06547e+05    3.55617e+03   -5.01758e+05
 Pressure (bar)
   -2.69778e+03

           Step           Time
            125      125.00000

   Energies (kJ/mol)
        G96Bond       G96Angle    Proper Dih.  Improper Dih.          LJ-14
    1.63264e+02    8.48089e+02    7.53804e+02    3.16111e+02   -2.47106e+02
     Coulomb-14        LJ (SR)   Coulomb (SR)   Coul. recip.      Potential
    2.41101e+04    7.51550e+04   -6.06663e+05    3.54927e+03   -5.02015e+05
 Pressure (bar)
   -2.69135e+03

           Step           Time
            126      126.00000

   Energies (kJ/mol)
        G96Bond       G96Angle    Proper Dih.  Improper Dih.          LJ-14
    3.59092e+02    8.75784e+02    7.53624e+02    3.24414e+02   -2.49104e+02
     Coulomb-14        LJ (SR)   Coulomb (SR)   Coul. recip.      Potential
    2.41109e+04    7.50971e+04   -6.06936e+05    3.53083e+03   -5.02133e+05
 Pressure (bar)
   -2.75691e+03

           Step           Time
            127      127.00000

   Energies (kJ/mol)
        G96Bond       G96Angle    Proper Dih.  Improper Dih.          LJ-14
    2.40867e+02    8.52421e+02    7.53718e+02    3.14577e+02   -2.47846e+02
     Coulomb-14        LJ (SR)   Coulomb (SR)   Coul. recip.      Potential
    2.41104e+04    7.50653e+04   -6.07050e+05    3.52488e+03   -5.02435e+05
 Pressure (bar)
   -2.74019e+03

           Step           Time
            128      128.00000

           Step           Time
            129      129.00000

   Energies (kJ/mol)
        G96Bond       G96Angle    Proper Dih.  Improper Dih.          LJ-14
    1.33794e+02    8.42113e+02    7.53286e+02    3.18769e+02   -2.49591e+02
     Coulomb-14        LJ (SR)   Coulomb (SR)   Coul. recip.      Potential
    2.41108e+04    7.50387e+04   -6.07179e+05    3.51596e+03   -5.02716e+05
 Pressure (bar)
   -2.75609e+03

           Step           Time
            130      130.00000

   Energies (kJ/mol)
        G96Bond       G96Angle    Proper Dih.  Improper Dih.          LJ-14
    3.86823e+02    8.64728e+02    7.53845e+02    3.13381e+02   -2.48842e+02
     Coulomb-14        LJ (SR)   Coulomb (SR)   Coul. recip.      Potential
    2.41125e+04    7.49596e+04   -6.07535e+05    3.49504e+03   -5.02898e+05
 Pressure (bar)
   -2.81349e+03

           Step           Time
            131      131.00000

   Energies (kJ/mol)
        G96Bond       G96Angle    Proper Dih.  Improper Dih.          LJ-14
    2.05102e+02    8.45870e+02    7.52965e+02    3.19597e+02   -2.51303e+02
     Coulomb-14        LJ (SR)   Coulomb (SR)   Coul. recip.      Potential
    2.41104e+04    7.49284e+04   -6.07678e+05    3.48403e+03   -5.03283e+05
 Pressure (bar)
   -2.82298e+03

           Step           Time
            132      132.00000

           Step           Time
            133      133.00000

   Energies (kJ/mol)
        G96Bond       G96Angle    Proper Dih.  Improper Dih.          LJ-14
    1.50507e+02    8.34485e+02    7.53160e+02    3.14263e+02   -2.50773e+02
     Coulomb-14        LJ (SR)   Coulomb (SR)   Coul. recip.      Potential
    2.41122e+04    7.49013e+04   -6.07798e+05    3.47785e+03   -5.03505e+05
 Pressure (bar)
   -2.82526e+03

           Step           Time
            134      134.00000

   Energies (kJ/mol)
        G96Bond       G96Angle    Proper Dih.  Improper Dih.          LJ-14
    2.77458e+02    8.51329e+02    7.52821e+02    3.20395e+02   -2.52432e+02
     Coulomb-14        LJ (SR)   Coulomb (SR)   Coul. recip.      Potential
    2.41109e+04    7.48531e+04   -6.08037e+05    3.46155e+03   -5.03662e+05
 Pressure (bar)
   -2.87417e+03

           Step           Time
            135      135.00000

   Energies (kJ/mol)
        G96Bond       G96Angle    Proper Dih.  Improper Dih.          LJ-14
    2.07222e+02    8.36702e+02    7.53099e+02    3.12956e+02   -2.51533e+02
     Coulomb-14        LJ (SR)   Coulomb (SR)   Coul. recip.      Potential
    2.41124e+04    7.48250e+04   -6.08156e+05    3.45584e+03   -5.03905e+05
 Pressure (bar)
   -2.86864e+03

           Step           Time
            136      136.00000

   Energies (kJ/mol)
        G96Bond       G96Angle    Proper Dih.  Improper Dih.          LJ-14
    4.10554e+02    8.65766e+02    7.52755e+02    3.22144e+02   -2.53298e+02
     Coulomb-14        LJ (SR)   Coulomb (SR)   Coul. recip.      Potential
    2.41107e+04    7.47824e+04   -6.08379e+05    3.43997e+03   -5.03948e+05
 Pressure (bar)
   -2.92561e+03

           Step           Time
            137      137.00000

   Energies (kJ/mol)
        G96Bond       G96Angle    Proper Dih.  Improper Dih.          LJ-14
    3.40492e+02    8.48125e+02    7.53215e+02    3.11829e+02   -2.51769e+02
     Coulomb-14        LJ (SR)   Coulomb (SR)   Coul. recip.      Potential
    2.41121e+04    7.47540e+04   -6.08495e+05    3.43516e+03   -5.04192e+05
 Pressure (bar)
   -2.91252e+03

           Step           Time
            138      138.00000

           Step           Time
            139      139.00000

   Energies (kJ/mol)
        G96Bond       G96Angle    Proper Dih.  Improper Dih.          LJ-14
    1.25737e+02    8.25226e+02    7.52460e+02    3.15658e+02   -2.53553e+02
     Coulomb-14        LJ (SR)   Coulomb (SR)   Coul. recip.      Potential
    2.41113e+04    7.47325e+04   -6.08607e+05    3.42694e+03   -5.04571e+05
 Pressure (bar)
   -2.91566e+03

           Step           Time
            140      140.00000

   Energies (kJ/mol)
        G96Bond       G96Angle    Proper Dih.  Improper Dih.          LJ-14
    6.32429e+02    8.77219e+02    7.53667e+02    3.11394e+02   -2.52998e+02
     Coulomb-14        LJ (SR)   Coulomb (SR)   Coul. recip.      Potential
    2.41158e+04    7.46413e+04   -6.09095e+05    3.39982e+03   -5.04616e+05
 Pressure (bar)
   -3.01559e+03

           Step           Time
            141      141.00000

   Energies (kJ/mol)
        G96Bond       G96Angle    Proper Dih.  Improper Dih.          LJ-14
    2.08399e+02    8.28477e+02    7.51979e+02    3.16127e+02   -2.55224e+02
     Coulomb-14        LJ (SR)   Coulomb (SR)   Coul. recip.      Potential
    2.41102e+04    7.46134e+04   -6.09217e+05    3.38912e+03   -5.05255e+05
 Pressure (bar)
   -2.99375e+03

           Step           Time
            142      142.00000

           Step           Time
            143      143.00000

   Energies (kJ/mol)
        G96Bond       G96Angle    Proper Dih.  Improper Dih.          LJ-14
    1.97049e+02    8.23026e+02    7.52513e+02    3.11230e+02   -2.55147e+02
     Coulomb-14        LJ (SR)   Coulomb (SR)   Coul. recip.      Potential
    2.41139e+04    7.45880e+04   -6.09353e+05    3.38301e+03   -5.05440e+05
 Pressure (bar)
   -3.00335e+03

           Step           Time
            144      144.00000

   Energies (kJ/mol)
        G96Bond       G96Angle    Proper Dih.  Improper Dih.          LJ-14
    3.04136e+02    8.38037e+02    7.51851e+02    3.17294e+02   -2.55944e+02
     Coulomb-14        LJ (SR)   Coulomb (SR)   Coul. recip.      Potential
    2.41102e+04    7.45539e+04   -6.09537e+05    3.36948e+03   -5.05548e+05
 Pressure (bar)
   -3.03950e+03

           Step           Time
            145      145.00000

   Energies (kJ/mol)
        G96Bond       G96Angle    Proper Dih.  Improper Dih.          LJ-14
    3.01873e+02    8.31689e+02    7.52623e+02    3.10433e+02   -2.55749e+02
     Coulomb-14        LJ (SR)   Coulomb (SR)   Coul. recip.      Potential
    2.41138e+04    7.45289e+04   -6.09670e+05    3.36428e+03   -5.05722e+05
 Pressure (bar)
   -3.04330e+03

           Step           Time
            146      146.00000

   Energies (kJ/mol)
        G96Bond       G96Angle    Proper Dih.  Improper Dih.          LJ-14
    4.89988e+02    8.59795e+02    7.51817e+02    3.19587e+02   -2.56229e+02
     Coulomb-14        LJ (SR)   Coulomb (SR)   Coul. recip.      Potential
    2.41092e+04    7.44968e+04   -6.09853e+05    3.35018e+03   -5.05732e+05
 Pressure (bar)
   -3.08868e+03

           Step           Time
            147      147.00000

   Energies (kJ/mol)
        G96Bond       G96Angle    Proper Dih.  Improper Dih.          LJ-14
    5.36954e+02    8.56514e+02    7.53022e+02    3.10236e+02   -2.55765e+02
     Coulomb-14        LJ (SR)   Coulomb (SR)   Coul. recip.      Potential
    2.41133e+04    7.44724e+04   -6.09980e+05    3.34625e+03   -5.05847e+05
 Pressure (bar)
   -3.08926e+03

           Step           Time
            148      148.00000

           Step           Time
            149      149.00000

   Energies (kJ/mol)
        G96Bond       G96Angle    Proper Dih.  Improper Dih.          LJ-14
    1.17805e+02    8.08263e+02    7.51642e+02    3.12453e+02   -2.56979e+02
     Coulomb-14        LJ (SR)   Coulomb (SR)   Coul. recip.      Potential
    2.41108e+04    7.44541e+04   -6.10073e+05    3.33853e+03   -5.06437e+05
 Pressure (bar)
   -3.06882e+03

           Step           Time
            150      150.00000

   Energies (kJ/mol)
        G96Bond       G96Angle    Proper Dih.  Improper Dih.          LJ-14
    7.53678e+02    8.74528e+02    7.53384e+02    3.10538e+02   -2.58397e+02
     Coulomb-14        LJ (SR)   Coulomb (SR)   Coul. recip.      Potential
    2.41200e+04    7.43659e+04   -6.10670e+05    3.30720e+03   -5.06443e+05
 Pressure (bar)
   -3.20926e+03

           Step           Time
            151      151.00000

   Energies (kJ/mol)
        G96Bond       G96Angle    Proper Dih.  Improper Dih.          LJ-14
    1.52570e+02    8.02961e+02    7.51004e+02    3.11199e+02   -2.58770e+02
     Coulomb-14        LJ (SR)   Coulomb (SR)   Coul. recip.      Potential
    2.41106e+04    7.43401e+04   -6.10757e+05    3.29790e+03   -5.07249e+05
 Pressure (bar)
   -3.15397e+03

           Step           Time
            152      152.00000

           Step           Time
            153      153.00000

   Energies (kJ/mol)
        G96Bond       G96Angle    Proper Dih.  Improper Dih.          LJ-14
    2.03175e+02    8.07527e+02    7.51799e+02    3.09000e+02   -2.60180e+02
     Coulomb-14        LJ (SR)   Coulomb (SR)   Coul. recip.      Potential
    2.41152e+04    7.43148e+04   -6.10930e+05    3.29011e+03   -5.07398e+05
 Pressure (bar)
   -3.17680e+03

           Step           Time
            154      154.00000

   Energies (kJ/mol)
        G96Bond       G96Angle    Proper Dih.  Improper Dih.          LJ-14
    2.14880e+02    8.08935e+02    7.50770e+02    3.11747e+02   -2.59233e+02
     Coulomb-14        LJ (SR)   Coulomb (SR)   Coul. recip.      Potential
    2.41098e+04    7.42905e+04   -6.11064e+05    3.27971e+03   -5.07557e+05
 Pressure (bar)
   -3.18856e+03

           Step           Time
            155      155.00000

   Energies (kJ/mol)
        G96Bond       G96Angle    Proper Dih.  Improper Dih.          LJ-14
    3.11514e+02    8.17920e+02    7.52099e+02    3.08958e+02   -2.61182e+02
     Coulomb-14        LJ (SR)   Coulomb (SR)   Coul. recip.      Potential
    2.41154e+04    7.42681e+04   -6.11226e+05    3.27329e+03   -5.07640e+05
 Pressure (bar)
   -3.21435e+03

           Step           Time
            156      156.00000

   Energies (kJ/mol)
        G96Bond       G96Angle    Proper Dih.  Improper Dih.          LJ-14
    3.53486e+02    8.23928e+02    7.50585e+02    3.13016e+02   -2.59086e+02
     Coulomb-14        LJ (SR)   Coulomb (SR)   Coul. recip.      Potential
    2.41083e+04    7.42440e+04   -6.11360e+05    3.26196e+03   -5.07764e+05
 Pressure (bar)
   -3.22748e+03

           Step           Time
            157      157.00000

           Step           Time
            158      158.00000

   Energies (kJ/mol)
        G96Bond       G96Angle    Proper Dih.  Improper Dih.          LJ-14
    1.09278e+02    7.91081e+02    7.51097e+02    3.08608e+02   -2.61135e+02
     Coulomb-14        LJ (SR)   Coulomb (SR)   Coul. recip.      Potential
    2.41123e+04    7.42319e+04   -6.11440e+05    3.25944e+03   -5.08138e+05
 Pressure (bar)
   -3.21412e+03

           Step           Time
            159      159.00000

   Energies (kJ/mol)
        G96Bond       G96Angle    Proper Dih.  Improper Dih.          LJ-14
    6.24676e+02    8.54848e+02    7.50698e+02    3.15942e+02   -2.60353e+02
     Coulomb-14        LJ (SR)   Coulomb (SR)   Coul. recip.      Potential
    2.41112e+04    7.41424e+04   -6.12111e+05    3.21950e+03   -5.08352e+05
 Pressure (bar)
   -3.34681e+03

           Step           Time
            160      160.00000

   Energies (kJ/mol)
        G96Bond       G96Angle    Proper Dih.  Improper Dih.          LJ-14
    1.90485e+02    7.89671e+02    7.51049e+02    3.06160e+02   -2.63497e+02
     Coulomb-14        LJ (SR)   Coulomb (SR)   Coul. recip.      Potential
    2.41125e+04    7.41244e+04   -6.12192e+05    3.21705e+03   -5.08964e+05
 Pressure (bar)
   -3.29945e+03

           Step           Time
            161      161.00000

           Step           Time
            162      162.00000

   Energies (kJ/mol)
        G96Bond       G96Angle    Proper Dih.  Improper Dih.          LJ-14
    1.75717e+02    7.92553e+02    7.50298e+02    3.09377e+02   -2.62705e+02
     Coulomb-14        LJ (SR)   Coulomb (SR)   Coul. recip.      Potential
    2.41112e+04    7.41070e+04   -6.12319e+05    3.20849e+03   -5.09127e+05
 Pressure (bar)
   -3.31407e+03

           Step           Time
            163      163.00000

   Energies (kJ/mol)
        G96Bond       G96Angle    Proper Dih.  Improper Dih.          LJ-14
    2.75492e+02    7.97592e+02    7.51177e+02    3.05843e+02   -2.64142e+02
     Coulomb-14        LJ (SR)   Coulomb (SR)   Coul. recip.      Potential
    2.41132e+04    7.40869e+04   -6.12478e+05    3.20160e+03   -5.09210e+05
 Pressure (bar)
   -3.33305e+03

           Step           Time
            164      164.00000

   Energies (kJ/mol)
        G96Bond       G96Angle    Proper Dih.  Improper Dih.          LJ-14
    2.69696e+02    8.02154e+02    7.50141e+02    3.10433e+02   -2.62984e+02
     Coulomb-14        LJ (SR)   Coulomb (SR)   Coul. recip.      Potential
    2.41096e+04    7.40688e+04   -6.12609e+05    3.19194e+03   -5.09369e+05
 Pressure (bar)
   -3.34757e+03

           Step           Time
            165      165.00000

           Step           Time
            166      166.00000

   Energies (kJ/mol)
        G96Bond       G96Angle    Proper Dih.  Improper Dih.          LJ-14
    1.07580e+02    7.77700e+02    7.50465e+02    3.06096e+02   -2.64242e+02
     Coulomb-14        LJ (SR)   Coulomb (SR)   Coul. recip.      Potential
    2.41119e+04    7.40587e+04   -6.12680e+05    3.18932e+03   -5.09643e+05
 Pressure (bar)
   -3.33759e+03

           Step           Time
            167      167.00000

   Energies (kJ/mol)
        G96Bond       G96Angle    Proper Dih.  Improper Dih.          LJ-14
    3.50010e+02    8.07017e+02    7.50010e+02    3.10935e+02   -2.64411e+02
     Coulomb-14        LJ (SR)   Coulomb (SR)   Coul. recip.      Potential
    2.41103e+04    7.40079e+04   -6.13121e+05    3.16367e+03   -5.09885e+05
 Pressure (bar)
   -3.41278e+03

           Step           Time
            168      168.00000

   Energies (kJ/mol)
        G96Bond       G96Angle    Proper Dih.  Improper Dih.          LJ-14
    1.31521e+02    7.74032e+02    7.50313e+02    3.04436e+02   -2.65617e+02
     Coulomb-14        LJ (SR)   Coulomb (SR)   Coul. recip.      Potential
    2.41118e+04    7.39959e+04   -6.13196e+05    3.16120e+03   -5.10233e+05
 Pressure (bar)
   -3.39050e+03

           Step           Time
            169      169.00000

           Step           Time
            170      170.00000

   Energies (kJ/mol)
        G96Bond       G96Angle    Proper Dih.  Improper Dih.          LJ-14
    1.41922e+02    7.77302e+02    7.49856e+02    3.06973e+02   -2.65691e+02
     Coulomb-14        LJ (SR)   Coulomb (SR)   Coul. recip.      Potential
    2.41108e+04    7.39806e+04   -6.13334e+05    3.15276e+03   -5.10379e+05
 Pressure (bar)
   -3.40826e+03

           Step           Time
            171      171.00000

   Energies (kJ/mol)
        G96Bond       G96Angle    Proper Dih.  Improper Dih.          LJ-14
    1.67480e+02    7.75325e+02    7.50316e+02    3.03669e+02   -2.66255e+02
     Coulomb-14        LJ (SR)   Coulomb (SR)   Coul. recip.      Potential
    2.41120e+04    7.39650e+04   -6.13466e+05    3.14662e+03   -5.10512e+05
 Pressure (bar)
   -3.41838e+03

           Step           Time
            172      172.00000

   Energies (kJ/mol)
        G96Bond       G96Angle    Proper Dih.  Improper Dih.          LJ-14
    1.92911e+02    7.81679e+02    7.49687e+02    3.07568e+02   -2.66228e+02
     Coulomb-14        LJ (SR)   Coulomb (SR)   Coul. recip.      Potential
    2.41098e+04    7.39496e+04   -6.13606e+05    3.13758e+03   -5.10643e+05
 Pressure (bar)
   -3.43779e+03

           Step           Time
            173      173.00000

   Energies (kJ/mol)
        G96Bond       G96Angle    Proper Dih.  Improper Dih.          LJ-14
    2.43564e+02    7.81463e+02    7.50430e+02    3.02990e+02   -2.66698e+02
     Coulomb-14        LJ (SR)   Coulomb (SR)   Coul. recip.      Potential
    2.41121e+04    7.39355e+04   -6.13732e+05    3.13256e+03   -5.10741e+05
 Pressure (bar)
   -3.44737e+03

           Step           Time
            174      174.00000

   Energies (kJ/mol)
        G96Bond       G96Angle    Proper Dih.  Improper Dih.          LJ-14
    3.00674e+02    7.93709e+02    7.49567e+02    3.08969e+02   -2.66498e+02
     Coulomb-14        LJ (SR)   Coulomb (SR)   Coul. recip.      Potential
    2.41084e+04    7.39201e+04   -6.13875e+05    3.12258e+03   -5.10838e+05
 Pressure (bar)
   -3.47046e+03

           Step           Time
            175      175.00000

   Energies (kJ/mol)
        G96Bond       G96Angle    Proper Dih.  Improper Dih.          LJ-14
    4.09894e+02    7.98625e+02    7.50748e+02    3.02709e+02   -2.66809e+02
     Coulomb-14        LJ (SR)   Coulomb (SR)   Coul. recip.      Potential
    2.41120e+04    7.39076e+04   -6.13999e+05    3.11892e+03   -5.10865e+05
 Pressure (bar)
   -3.48121e+03

           Step           Time
            176      176.00000

   Energies (kJ/mol)
        G96Bond       G96Angle    Proper Dih.  Improper Dih.          LJ-14
    5.35311e+02    8.22747e+02    7.49589e+02    3.11969e+02   -2.66245e+02
     Coulomb-14        LJ (SR)   Coulomb (SR)   Coul. recip.      Potential
    2.41059e+04    7.38925e+04   -6.14142e+05    3.10761e+03   -5.10883e+05
 Pressure (bar)
   -3.51123e+03

           Step           Time
            177      177.00000

           Step           Time
            178      178.00000

   Energies (kJ/mol)
        G96Bond       G96Angle    Proper Dih.  Improper Dih.          LJ-14
    1.06629e+02    7.62835e+02    7.49710e+02    3.03214e+02   -2.67360e+02
     Coulomb-14        LJ (SR)   Coulomb (SR)   Coul. recip.      Potential
    2.41094e+04    7.38840e+04   -6.14201e+05    3.10662e+03   -5.11446e+05
 Pressure (bar)
   -3.47138e+03

           Step           Time
            179      179.00000

   Energies (kJ/mol)
        G96Bond       G96Angle    Proper Dih.  Improper Dih.          LJ-14
    5.70039e+02    8.19598e+02    7.49717e+02    3.12007e+02   -2.68216e+02
     Coulomb-14        LJ (SR)   Coulomb (SR)   Coul. recip.      Potential
    2.41108e+04    7.38450e+04   -6.14719e+05    3.07803e+03   -5.11502e+05
 Pressure (bar)
   -3.59223e+03

           Step           Time
            180      180.00000

   Energies (kJ/mol)
        G96Bond       G96Angle    Proper Dih.  Improper Dih.          LJ-14
    1.31922e+02    7.57422e+02    7.49474e+02    3.00858e+02   -2.68749e+02
     Coulomb-14        LJ (SR)   Coulomb (SR)   Coul. recip.      Potential
    2.41094e+04    7.38321e+04   -6.14773e+05    3.07656e+03   -5.12084e+05
 Pressure (bar)
   -3.53397e+03

           Step           Time
            181      181.00000

           Step           Time
            182      182.00000

   Energies (kJ/mol)
        G96Bond       G96Angle    Proper Dih.  Improper Dih.          LJ-14
    1.71003e+02    7.66341e+02    7.49061e+02    3.05121e+02   -2.69582e+02
     Coulomb-14        LJ (SR)   Coulomb (SR)   Coul. recip.      Potential
    2.41091e+04    7.38195e+04   -6.14926e+05    3.06766e+03   -5.12207e+05
 Pressure (bar)
   -3.55738e+03

           Step           Time
            183      183.00000

   Energies (kJ/mol)
        G96Bond       G96Angle    Proper Dih.  Improper Dih.          LJ-14
    1.78613e+02    7.60480e+02    7.49441e+02    2.99991e+02   -2.69112e+02
     Coulomb-14        LJ (SR)   Coulomb (SR)   Coul. recip.      Potential
    2.41093e+04    7.38091e+04   -6.15031e+05    3.06328e+03   -5.12330e+05
 Pressure (bar)
   -3.55643e+03

           Step           Time
            184      184.00000

   Energies (kJ/mol)
        G96Bond       G96Angle    Proper Dih.  Improper Dih.          LJ-14
    2.50998e+02    7.75473e+02    7.48999e+02    3.06595e+02   -2.70271e+02
     Coulomb-14        LJ (SR)   Coulomb (SR)   Coul. recip.      Potential
    2.41080e+04    7.37978e+04   -6.15183e+05    3.05384e+03   -5.12411e+05
 Pressure (bar)
   -3.58623e+03

           Step           Time
            185      185.00000

   Energies (kJ/mol)
        G96Bond       G96Angle    Proper Dih.  Improper Dih.          LJ-14
    2.83613e+02    7.69654e+02    7.49587e+02    2.99076e+02   -2.69073e+02
     Coulomb-14        LJ (SR)   Coulomb (SR)   Coul. recip.      Potential
    2.41090e+04    7.37883e+04   -6.15285e+05    3.05064e+03   -5.12504e+05
 Pressure (bar)
   -3.58241e+03

           Step           Time
            186      186.00000

   Energies (kJ/mol)
        G96Bond       G96Angle    Proper Dih.  Improper Dih.          LJ-14
    4.21172e+02    7.97263e+02    7.49033e+02    3.09367e+02   -2.70706e+02
     Coulomb-14        LJ (SR)   Coulomb (SR)   Coul. recip.      Potential
    2.41064e+04    7.37774e+04   -6.15440e+05    3.04008e+03   -5.12510e+05
 Pressure (bar)
   -3.62195e+03

           Step           Time
            187      187.00000

   Energies (kJ/mol)
        G96Bond       G96Angle    Proper Dih.  Improper Dih.          LJ-14
    5.31514e+02    7.95082e+02    7.49976e+02    2.98594e+02   -2.68334e+02
     Coulomb-14        LJ (SR)   Coulomb (SR)   Coul. recip.      Potential
    2.41082e+04    7.37686e+04   -6.15532e+05    3.03844e+03   -5.12510e+05
 Pressure (bar)
   -3.61637e+03

           Step           Time
            188      188.00000

           Step           Time
            189      189.00000

   Energies (kJ/mol)
        G96Bond       G96Angle    Proper Dih.  Improper Dih.          LJ-14
    1.06392e+02    7.51149e+02    7.48769e+02    3.02006e+02   -2.70578e+02
     Coulomb-14        LJ (SR)   Coulomb (SR)   Coul. recip.      Potential
    2.41065e+04    7.37608e+04   -6.15614e+05    3.03219e+03   -5.13077e+05
 Pressure (bar)
   -3.59574e+03

           Step           Time
            190      190.00000

           Step           Time
            191      191.00000

   Energies (kJ/mol)
        G96Bond       G96Angle    Proper Dih.  Improper Dih.          LJ-14
    2.63860e+02    7.63766e+02    7.49539e+02    2.99234e+02   -2.70541e+02
     Coulomb-14        LJ (SR)   Coulomb (SR)   Coul. recip.      Potential
    2.41116e+04    7.37442e+04   -6.15928e+05    3.01824e+03   -5.13248e+05
 Pressure (bar)
   -3.64850e+03

           Step           Time
            192      192.00000

   Energies (kJ/mol)
        G96Bond       G96Angle    Proper Dih.  Improper Dih.          LJ-14
    2.24865e+02    7.60324e+02    7.48458e+02    3.03192e+02   -2.71644e+02
     Coulomb-14        LJ (SR)   Coulomb (SR)   Coul. recip.      Potential
    2.41042e+04    7.37333e+04   -6.16037e+05    3.00973e+03   -5.13425e+05
 Pressure (bar)
   -3.65104e+03

           Step           Time
            193      193.00000

           Step           Time
            194      194.00000

   Energies (kJ/mol)
        G96Bond       G96Angle    Proper Dih.  Improper Dih.          LJ-14
    1.07815e+02    7.44269e+02    7.48659e+02    2.99290e+02   -2.71691e+02
     Coulomb-14        LJ (SR)   Coulomb (SR)   Coul. recip.      Potential
    2.41076e+04    7.37285e+04   -6.16105e+05    3.00784e+03   -5.13632e+05
 Pressure (bar)
   -3.64361e+03

           Step           Time
            195      195.00000

   Energies (kJ/mol)
        G96Bond       G96Angle    Proper Dih.  Improper Dih.          LJ-14
    3.38269e+02    7.73589e+02    7.48372e+02    3.04781e+02   -2.72296e+02
     Coulomb-14        LJ (SR)   Coulomb (SR)   Coul. recip.      Potential
    2.41046e+04    7.37122e+04   -6.16410e+05    2.99092e+03   -5.13710e+05
 Pressure (bar)
   -3.69669e+03

           Step           Time
            196      196.00000

   Energies (kJ/mol)
        G96Bond       G96Angle    Proper Dih.  Improper Dih.          LJ-14
    1.50438e+02    7.45045e+02    7.48628e+02    2.98143e+02   -2.72497e+02
     Coulomb-14        LJ (SR)   Coulomb (SR)   Coul. recip.      Potential
    2.41071e+04    7.37052e+04   -6.16480e+05    2.98925e+03   -5.14009e+05
 Pressure (bar)
   -3.67545e+03

           Step           Time
            197      197.00000

           Step           Time
            198      198.00000

   Energies (kJ/mol)
        G96Bond       G96Angle    Proper Dih.  Improper Dih.          LJ-14
    1.31603e+02    7.45015e+02    7.48182e+02    3.00742e+02   -2.72872e+02
     Coulomb-14        LJ (SR)   Coulomb (SR)   Coul. recip.      Potential
    2.41056e+04    7.36999e+04   -6.16584e+05    2.98297e+03   -5.14143e+05
 Pressure (bar)
   -3.68742e+03

           Step           Time
            199      199.00000

   Energies (kJ/mol)
        G96Bond       G96Angle    Proper Dih.  Improper Dih.          LJ-14
    1.99413e+02    7.48104e+02    7.48654e+02    2.97460e+02   -2.72951e+02
     Coulomb-14        LJ (SR)   Coulomb (SR)   Coul. recip.      Potential
    2.41073e+04    7.36925e+04   -6.16727e+05    2.97731e+03   -5.14229e+05
 Pressure (bar)
   -3.70029e+03

           Step           Time
            200      200.00000

   Energies (kJ/mol)
        G96Bond       G96Angle    Proper Dih.  Improper Dih.          LJ-14
    1.85785e+02    7.50230e+02    7.47990e+02    3.01382e+02   -2.73310e+02
     Coulomb-14        LJ (SR)   Coulomb (SR)   Coul. recip.      Potential
    2.41043e+04    7.36863e+04   -6.16837e+05    2.97010e+03   -5.14364e+05
 Pressure (bar)
   -3.71275e+03

           Step           Time
            201      201.00000

   Energies (kJ/mol)
        G96Bond       G96Angle    Proper Dih.  Improper Dih.          LJ-14
    2.91657e+02    7.56759e+02    7.48775e+02    2.97011e+02   -2.73197e+02
     Coulomb-14        LJ (SR)   Coulomb (SR)   Coul. recip.      Potential
    2.41073e+04    7.36808e+04   -6.16959e+05    2.96598e+03   -5.14384e+05
 Pressure (bar)
   -3.72491e+03

           Step           Time
            202      202.00000

   Energies (kJ/mol)
        G96Bond       G96Angle    Proper Dih.  Improper Dih.          LJ-14
    2.93964e+02    7.62857e+02    7.47861e+02    3.02780e+02   -2.73453e+02
     Coulomb-14        LJ (SR)   Coulomb (SR)   Coul. recip.      Potential
    2.41025e+04    7.36744e+04   -6.17077e+05    2.95772e+03   -5.14508e+05
 Pressure (bar)
   -3.73958e+03

           Step           Time
            203      203.00000

           Step           Time
            204      204.00000

   Energies (kJ/mol)
        G96Bond       G96Angle    Proper Dih.  Improper Dih.          LJ-14
    1.01986e+02    7.34571e+02    7.48074e+02    2.97620e+02   -2.73854e+02
     Coulomb-14        LJ (SR)   Coulomb (SR)   Coul. recip.      Potential
    2.41051e+04    7.36707e+04   -6.17136e+05    2.95636e+03   -5.14796e+05
 Pressure (bar)
   -3.72244e+03

           Step           Time
            205      205.00000

   Energies (kJ/mol)
        G96Bond       G96Angle    Proper Dih.  Improper Dih.          LJ-14
    3.74742e+02    7.69670e+02    7.47763e+02    3.03396e+02   -2.74463e+02
     Coulomb-14        LJ (SR)   Coulomb (SR)   Coul. recip.      Potential
    2.41035e+04    7.36597e+04   -6.17515e+05    2.93655e+03   -5.14894e+05
 Pressure (bar)
   -3.79225e+03

           Step           Time
            206      206.00000

   Energies (kJ/mol)
        G96Bond       G96Angle    Proper Dih.  Improper Dih.          LJ-14
    1.28334e+02    7.32162e+02    7.47889e+02    2.96024e+02   -2.74727e+02
     Coulomb-14        LJ (SR)   Coulomb (SR)   Coul. recip.      Potential
    2.41045e+04    7.36536e+04   -6.17572e+05    2.93530e+03   -5.15249e+05
 Pressure (bar)
   -3.76074e+03

           Step           Time
            207      207.00000

           Step           Time
            208      208.00000

   Energies (kJ/mol)
        G96Bond       G96Angle    Proper Dih.  Improper Dih.          LJ-14
    1.43516e+02    7.37358e+02    7.47504e+02    2.99066e+02   -2.75235e+02
     Coulomb-14        LJ (SR)   Coulomb (SR)   Coul. recip.      Potential
    2.41035e+04    7.36498e+04   -6.17694e+05    2.92850e+03   -5.15361e+05
 Pressure (bar)
   -3.77740e+03

           Step           Time
            209      209.00000

   Energies (kJ/mol)
        G96Bond       G96Angle    Proper Dih.  Improper Dih.          LJ-14
    1.66930e+02    7.34351e+02    7.47867e+02    2.95298e+02   -2.75053e+02
     Coulomb-14        LJ (SR)   Coulomb (SR)   Coul. recip.      Potential
    2.41044e+04    7.36457e+04   -6.17802e+05    2.92446e+03   -5.15458e+05
 Pressure (bar)
   -3.78042e+03

           Step           Time
            210      210.00000

   Energies (kJ/mol)
        G96Bond       G96Angle    Proper Dih.  Improper Dih.          LJ-14
    2.01244e+02    7.43581e+02    7.47356e+02    2.99936e+02   -2.75696e+02
     Coulomb-14        LJ (SR)   Coulomb (SR)   Coul. recip.      Potential
    2.41023e+04    7.36421e+04   -6.17926e+05    2.91700e+03   -5.15548e+05
 Pressure (bar)
   -3.80001e+03

           Step           Time
            211      211.00000

   Energies (kJ/mol)
        G96Bond       G96Angle    Proper Dih.  Improper Dih.          LJ-14
    2.48381e+02    7.41542e+02    7.47952e+02    2.94643e+02   -2.75135e+02
     Coulomb-14        LJ (SR)   Coulomb (SR)   Coul. recip.      Potential
    2.41041e+04    7.36390e+04   -6.18027e+05    2.91403e+03   -5.15613e+05
 Pressure (bar)
   -3.80150e+03

           Step           Time
            212      212.00000

   Energies (kJ/mol)
        G96Bond       G96Angle    Proper Dih.  Improper Dih.          LJ-14
    3.20940e+02    7.58267e+02    7.47273e+02    3.01689e+02   -2.75936e+02
     Coulomb-14        LJ (SR)   Coulomb (SR)   Coul. recip.      Potential
    2.41005e+04    7.36353e+04   -6.18156e+05    2.90559e+03   -5.15663e+05
 Pressure (bar)
   -3.82661e+03

           Step           Time
            213      213.00000

           Step           Time
            214      214.00000

   Energies (kJ/mol)
        G96Bond       G96Angle    Proper Dih.  Improper Dih.          LJ-14
    9.60129e+01    7.24770e+02    7.47348e+02    2.95766e+02   -2.75937e+02
     Coulomb-14        LJ (SR)   Coulomb (SR)   Coul. recip.      Potential
    2.41024e+04    7.36327e+04   -6.18203e+05    2.90472e+03   -5.15975e+05
 Pressure (bar)
   -3.80303e+03


Steepest Descents converged to Fmax < 1000 in 215 steps
Potential Energy  = -5.1597547e+05
Maximum force     =  9.5175757e+02 on atom 435
Norm of force     =  5.1401274e+01
Finished mdrun on rank 0 Fri Oct 27 13:42:00 2023

